{"meta": {"format": 3, "version": "7.10.7", "timestamp": "2025-10-14T20:19:07.737386", "branch_coverage": false, "show_contexts": false}, "files": {"cats.py": {"executed_lines": [3, 14, 15, 16, 17, 18, 19, 20, 21, 22, 23, 24, 25, 28, 29, 30, 34, 35, 37, 38, 40, 41, 43, 44, 47, 48, 49, 54, 55, 56, 57, 58, 69, 70, 71, 74, 75, 76, 77, 78, 79, 82, 83, 84, 85, 86, 87, 88, 89, 90, 91, 92, 93, 94, 95, 96, 97, 98, 100, 101, 102, 103, 104, 107, 108, 109, 110, 111, 112, 113, 115, 116, 117, 118, 122, 124, 125, 126, 127, 128, 129, 130, 131, 132, 134, 138, 143, 145, 146, 147, 148, 149, 150, 151, 152, 154, 157, 160, 163, 185, 186, 187, 188, 189, 190, 191, 193, 194, 195, 197, 199, 200, 201, 202, 203, 204, 206, 207, 210, 211, 213, 214, 215, 216, 218, 220, 221, 223, 224, 225, 226, 227, 228, 231, 236, 238, 240, 241, 245, 247, 248, 250, 253, 254, 255, 258, 260, 262, 263, 267, 269, 270, 282, 283, 285, 287, 288, 290, 292, 294, 295, 299, 300, 301, 302, 304, 306, 308, 309, 311, 312, 313, 315, 316, 317, 318, 319, 321, 324, 325, 329, 334, 337, 338, 340, 341, 342, 343, 345, 346, 348, 350, 352, 353, 354, 355, 357, 361, 363, 365, 367, 368, 376, 378, 411, 413, 414, 415, 416, 417, 418, 420, 433, 446, 448, 450, 451, 452, 453, 458, 459, 460, 461, 465, 466, 467, 469, 472, 474, 475, 476, 477, 478, 481, 483, 484, 487, 488, 489, 492, 493, 496, 498, 499, 500, 501, 502, 503, 506, 507, 508, 509, 510, 513, 514, 515, 517, 518, 519, 520, 521, 523, 525, 527, 528, 529, 530, 532, 538, 540, 541, 545, 546, 550, 551, 553, 556, 559, 560, 563, 564, 565, 568, 571, 573, 574, 575, 578, 580, 582, 583, 585, 586, 588, 590, 596, 597, 598, 601, 603, 604, 605, 606, 607, 610, 612, 615, 616, 617, 619, 620, 623, 624, 627, 628, 629, 631, 632, 634, 635, 636, 637, 638, 640, 641, 643, 646, 648, 649, 650, 651, 652, 654, 655, 656, 657, 658, 659, 663, 666, 667, 669, 670, 671, 673, 677, 678, 679, 680, 681, 683, 685, 686, 687, 690, 691, 693, 694, 695, 698, 699, 701, 702, 703, 704, 706, 707, 708, 709, 710, 713, 716, 720, 723, 724, 725, 726, 729, 730, 731, 734, 736, 738, 740, 743, 744, 745, 748, 749, 750, 756, 757, 758, 760, 761, 762, 763, 766, 767, 772, 779, 784, 790, 794, 800, 807, 814, 822, 830, 835, 840, 847, 854, 861, 869, 876, 881, 887, 890, 913, 918, 921, 923, 925, 926, 927, 928, 929, 931, 932, 934, 935, 938], "summary": {"covered_lines": 426, "num_statements": 496, "percent_covered": 85.88709677419355, "percent_covered_display": "86", "missing_lines": 70, "excluded_lines": 0}, "missing_lines": [31, 32, 36, 42, 50, 51, 135, 136, 139, 140, 153, 165, 166, 168, 169, 171, 172, 173, 175, 176, 177, 178, 179, 180, 182, 242, 243, 251, 256, 265, 271, 273, 274, 276, 277, 278, 279, 281, 296, 326, 327, 356, 358, 359, 369, 370, 371, 372, 374, 422, 423, 428, 429, 430, 431, 435, 436, 441, 442, 443, 444, 454, 455, 566, 625, 660, 661, 914, 915, 939], "excluded_lines": [], "functions": {"PythonASTVisitor.__init__": {"executed_lines": [110, 111, 112, 113], "summary": {"covered_lines": 4, "num_statements": 4, "percent_covered": 100.0, "percent_covered_display": "100", "missing_lines": 0, "excluded_lines": 0}, "missing_lines": [], "excluded_lines": []}, "PythonASTVisitor.visit_FunctionDef": {"executed_lines": [116, 117, 118, 122], "summary": {"covered_lines": 4, "num_statements": 4, "percent_covered": 100.0, "percent_covered_display": "100", "missing_lines": 0, "excluded_lines": 0}, "missing_lines": [], "excluded_lines": []}, "PythonASTVisitor.visit_ClassDef": {"executed_lines": [125, 126, 127, 128, 129, 130, 131, 132], "summary": {"covered_lines": 8, "num_statements": 8, "percent_covered": 100.0, "percent_covered_display": "100", "missing_lines": 0, "excluded_lines": 0}, "missing_lines": [], "excluded_lines": []}, "PythonASTVisitor.visit_Import": {"executed_lines": [], "summary": {"covered_lines": 0, "num_statements": 2, "percent_covered": 0.0, "percent_covered_display": "0", "missing_lines": 2, "excluded_lines": 0}, "missing_lines": [135, 136], "excluded_lines": []}, "PythonASTVisitor.visit_ImportFrom": {"executed_lines": [], "summary": {"covered_lines": 0, "num_statements": 2, "percent_covered": 0.0, "percent_covered_display": "0", "missing_lines": 2, "excluded_lines": 0}, "missing_lines": [139, 140], "excluded_lines": []}, "verify_python_module": {"executed_lines": [145, 146, 147, 148, 149, 150, 151, 152, 154], "summary": {"covered_lines": 9, "num_statements": 10, "percent_covered": 90.0, "percent_covered_display": "90", "missing_lines": 1, "excluded_lines": 0}, "missing_lines": [153], "excluded_lines": []}, "verify_js_ts_module": {"executed_lines": [160], "summary": {"covered_lines": 1, "num_statements": 1, "percent_covered": 100.0, "percent_covered_display": "100", "missing_lines": 0, "excluded_lines": 0}, "missing_lines": [], "excluded_lines": []}, "run_verification": {"executed_lines": [], "summary": {"covered_lines": 0, "num_statements": 14, "percent_covered": 0.0, "percent_covered_display": "0", "missing_lines": 14, "excluded_lines": 0}, "missing_lines": [165, 166, 168, 169, 171, 172, 173, 175, 176, 177, 178, 179, 180, 182], "excluded_lines": []}, "FileTreeNode.__post_init__": {"executed_lines": [194, 195], "summary": {"covered_lines": 2, "num_statements": 2, "percent_covered": 100.0, "percent_covered_display": "100", "missing_lines": 0, "excluded_lines": 0}, "missing_lines": [], "excluded_lines": []}, "FileTreeNode.to_string": {"executed_lines": [199, 200, 201, 202, 203, 204, 206, 207], "summary": {"covered_lines": 8, "num_statements": 8, "percent_covered": 100.0, "percent_covered_display": "100", "missing_lines": 0, "excluded_lines": 0}, "missing_lines": [], "excluded_lines": []}, "ProjectAnalyzer.__init__": {"executed_lines": [214, 215, 216], "summary": {"covered_lines": 3, "num_statements": 3, "percent_covered": 100.0, "percent_covered_display": "100", "missing_lines": 0, "excluded_lines": 0}, "missing_lines": [], "excluded_lines": []}, "ProjectAnalyzer._load_gitignore": {"executed_lines": [220, 221, 223, 224, 225, 226, 227, 228, 231, 236], "summary": {"covered_lines": 10, "num_statements": 10, "percent_covered": 100.0, "percent_covered_display": "100", "missing_lines": 0, "excluded_lines": 0}, "missing_lines": [], "excluded_lines": []}, "ProjectAnalyzer._should_ignore": {"executed_lines": [240, 241, 245, 247, 248, 250, 253, 254, 255, 258], "summary": {"covered_lines": 10, "num_statements": 14, "percent_covered": 71.42857142857143, "percent_covered_display": "71", "missing_lines": 4, "excluded_lines": 0}, "missing_lines": [242, 243, 251, 256], "excluded_lines": []}, "ProjectAnalyzer.build_file_tree": {"executed_lines": [262, 263], "summary": {"covered_lines": 2, "num_statements": 3, "percent_covered": 66.66666666666667, "percent_covered_display": "67", "missing_lines": 1, "excluded_lines": 0}, "missing_lines": [265], "excluded_lines": []}, "ProjectAnalyzer._build_tree_with_git": {"executed_lines": [269, 270, 282, 283], "summary": {"covered_lines": 4, "num_statements": 12, "percent_covered": 33.333333333333336, "percent_covered_display": "33", "missing_lines": 8, "excluded_lines": 0}, "missing_lines": [271, 273, 274, 276, 277, 278, 279, 281], "excluded_lines": []}, "ProjectAnalyzer._build_tree_with_walk": {"executed_lines": [287, 288, 290, 292, 294, 295, 299, 300, 301, 302, 304], "summary": {"covered_lines": 11, "num_statements": 12, "percent_covered": 91.66666666666667, "percent_covered_display": "92", "missing_lines": 1, "excluded_lines": 0}, "missing_lines": [296], "excluded_lines": []}, "ProjectAnalyzer._add_file_to_tree": {"executed_lines": [308, 309, 311, 312, 313, 315, 316, 317, 318, 319, 321, 324, 325, 329, 334], "summary": {"covered_lines": 15, "num_statements": 17, "percent_covered": 88.23529411764706, "percent_covered_display": "88", "missing_lines": 2, "excluded_lines": 0}, "missing_lines": [326, 327], "excluded_lines": []}, "AICurator.__init__": {"executed_lines": [341, 342, 343, 345, 346, 348], "summary": {"covered_lines": 6, "num_statements": 6, "percent_covered": 100.0, "percent_covered_display": "100", "missing_lines": 0, "excluded_lines": 0}, "missing_lines": [], "excluded_lines": []}, "AICurator._initialize_client": {"executed_lines": [352, 353, 354, 355, 357, 361], "summary": {"covered_lines": 6, "num_statements": 9, "percent_covered": 66.66666666666667, "percent_covered_display": "67", "missing_lines": 3, "excluded_lines": 0}, "missing_lines": [356, 358, 359], "excluded_lines": []}, "AICurator.curate_files": {"executed_lines": [365, 367, 368], "summary": {"covered_lines": 3, "num_statements": 8, "percent_covered": 37.5, "percent_covered_display": "38", "missing_lines": 5, "excluded_lines": 0}, "missing_lines": [369, 370, 371, 372, 374], "excluded_lines": []}, "AICurator._build_curation_prompt": {"executed_lines": [378], "summary": {"covered_lines": 1, "num_statements": 1, "percent_covered": 100.0, "percent_covered_display": "100", "missing_lines": 0, "excluded_lines": 0}, "missing_lines": [], "excluded_lines": []}, "AICurator._curate_with_gemini": {"executed_lines": [413, 414, 415, 416, 417, 418], "summary": {"covered_lines": 6, "num_statements": 6, "percent_covered": 100.0, "percent_covered_display": "100", "missing_lines": 0, "excluded_lines": 0}, "missing_lines": [], "excluded_lines": []}, "AICurator._curate_with_claude": {"executed_lines": [], "summary": {"covered_lines": 0, "num_statements": 6, "percent_covered": 0.0, "percent_covered_display": "0", "missing_lines": 6, "excluded_lines": 0}, "missing_lines": [422, 423, 428, 429, 430, 431], "excluded_lines": []}, "AICurator._curate_with_openai": {"executed_lines": [], "summary": {"covered_lines": 0, "num_statements": 6, "percent_covered": 0.0, "percent_covered_display": "0", "missing_lines": 6, "excluded_lines": 0}, "missing_lines": [435, 436, 441, 442, 443, 444], "excluded_lines": []}, "AICurator._parse_ai_response": {"executed_lines": [448, 450, 451, 452, 453, 458, 459, 460, 461, 465, 466, 467, 469], "summary": {"covered_lines": 13, "num_statements": 15, "percent_covered": 86.66666666666667, "percent_covered_display": "87", "missing_lines": 2, "excluded_lines": 0}, "missing_lines": [454, 455], "excluded_lines": []}, "load_pawsignore": {"executed_lines": [474, 475, 476, 477, 478], "summary": {"covered_lines": 5, "num_statements": 5, "percent_covered": 100.0, "percent_covered_display": "100", "missing_lines": 0, "excluded_lines": 0}, "missing_lines": [], "excluded_lines": []}, "get_paths_to_process": {"executed_lines": [483, 484, 487, 488, 489, 492, 493, 496, 498, 499, 500, 501, 502, 503, 506, 507, 508, 509, 510, 513, 514, 515, 517, 518, 519, 520, 521, 523, 525, 527, 528, 529, 530, 532], "summary": {"covered_lines": 34, "num_statements": 34, "percent_covered": 100.0, "percent_covered_display": "100", "missing_lines": 0, "excluded_lines": 0}, "missing_lines": [], "excluded_lines": []}, "find_common_ancestor": {"executed_lines": [540, 541, 545, 546, 550, 551, 553], "summary": {"covered_lines": 7, "num_statements": 7, "percent_covered": 100.0, "percent_covered_display": "100", "missing_lines": 0, "excluded_lines": 0}, "missing_lines": [], "excluded_lines": []}, "detect_is_binary": {"executed_lines": [559, 560, 563, 564, 565, 568], "summary": {"covered_lines": 6, "num_statements": 7, "percent_covered": 85.71428571428571, "percent_covered_display": "86", "missing_lines": 1, "excluded_lines": 0}, "missing_lines": [566], "excluded_lines": []}, "prepare_file_object": {"executed_lines": [573, 574, 575, 578, 580, 582, 583, 585, 586, 588, 590, 596, 597, 598], "summary": {"covered_lines": 14, "num_statements": 14, "percent_covered": 100.0, "percent_covered_display": "100", "missing_lines": 0, "excluded_lines": 0}, "missing_lines": [], "excluded_lines": []}, "find_catscan_replacement": {"executed_lines": [603, 604, 605, 606, 607], "summary": {"covered_lines": 5, "num_statements": 5, "percent_covered": 100.0, "percent_covered_display": "100", "missing_lines": 0, "excluded_lines": 0}, "missing_lines": [], "excluded_lines": []}, "create_bundle_string_from_objects": {"executed_lines": [612, 615, 616, 617, 619, 620, 623, 624, 627, 628, 629, 631, 632, 634, 635, 636, 637, 638, 640, 641, 643], "summary": {"covered_lines": 21, "num_statements": 22, "percent_covered": 95.45454545454545, "percent_covered_display": "95", "missing_lines": 1, "excluded_lines": 0}, "missing_lines": [625], "excluded_lines": []}, "find_and_read_prepended_files": {"executed_lines": [648, 649, 650, 651, 652, 654, 655, 656, 657, 658, 659, 663], "summary": {"covered_lines": 12, "num_statements": 14, "percent_covered": 85.71428571428571, "percent_covered_display": "86", "missing_lines": 2, "excluded_lines": 0}, "missing_lines": [660, 661], "excluded_lines": []}, "CatsBundler.__init__": {"executed_lines": [670, 671], "summary": {"covered_lines": 2, "num_statements": 2, "percent_covered": 100.0, "percent_covered_display": "100", "missing_lines": 0, "excluded_lines": 0}, "missing_lines": [], "excluded_lines": []}, "CatsBundler.create_bundle": {"executed_lines": [677, 678, 679, 680, 681, 683, 685, 686, 687, 690, 691, 693, 694, 695, 698, 699, 701, 702, 703, 704, 706, 707, 708, 709, 710, 713, 716, 720, 723, 724, 725, 726, 729, 730, 731, 734, 736], "summary": {"covered_lines": 37, "num_statements": 37, "percent_covered": 100.0, "percent_covered_display": "100", "missing_lines": 0, "excluded_lines": 0}, "missing_lines": [], "excluded_lines": []}, "CatsBundler._get_ai_curated_files": {"executed_lines": [740, 743, 744, 745, 748, 749, 750, 756, 757, 758, 760, 761, 762, 763], "summary": {"covered_lines": 14, "num_statements": 14, "percent_covered": 100.0, "percent_covered_display": "100", "missing_lines": 0, "excluded_lines": 0}, "missing_lines": [], "excluded_lines": []}, "main": {"executed_lines": [767, 772, 779, 784, 790, 794, 800, 807, 814, 822, 830, 835, 840, 847, 854, 861, 869, 876, 881, 887, 890, 913, 918, 921, 923, 925, 926, 927, 928, 929, 931, 932, 934, 935], "summary": {"covered_lines": 34, "num_statements": 36, "percent_covered": 94.44444444444444, "percent_covered_display": "94", "missing_lines": 2, "excluded_lines": 0}, "missing_lines": [914, 915], "excluded_lines": []}, "": {"executed_lines": [3, 14, 15, 16, 17, 18, 19, 20, 21, 22, 23, 24, 25, 28, 29, 30, 34, 35, 37, 38, 40, 41, 43, 44, 47, 48, 49, 54, 55, 56, 57, 58, 69, 70, 71, 74, 75, 76, 77, 78, 79, 82, 83, 84, 85, 86, 87, 88, 89, 90, 91, 92, 93, 94, 95, 96, 97, 98, 100, 101, 102, 103, 104, 107, 108, 109, 115, 124, 134, 138, 143, 157, 163, 185, 186, 187, 188, 189, 190, 191, 193, 197, 210, 211, 213, 218, 238, 260, 267, 285, 306, 337, 338, 340, 350, 363, 376, 411, 420, 433, 446, 472, 481, 538, 556, 571, 601, 610, 646, 666, 667, 669, 673, 738, 766, 938], "summary": {"covered_lines": 109, "num_statements": 116, "percent_covered": 93.96551724137932, "percent_covered_display": "94", "missing_lines": 7, "excluded_lines": 0}, "missing_lines": [31, 32, 36, 42, 50, 51, 939], "excluded_lines": []}}, "classes": {"BundleConfig": {"executed_lines": [], "summary": {"covered_lines": 0, "num_statements": 0, "percent_covered": 100.0, "percent_covered_display": "100", "missing_lines": 0, "excluded_lines": 0}, "missing_lines": [], "excluded_lines": []}, "PythonASTVisitor": {"executed_lines": [110, 111, 112, 113, 116, 117, 118, 122, 125, 126, 127, 128, 129, 130, 131, 132], "summary": {"covered_lines": 16, "num_statements": 20, "percent_covered": 80.0, "percent_covered_display": "80", "missing_lines": 4, "excluded_lines": 0}, "missing_lines": [135, 136, 139, 140], "excluded_lines": []}, "FileTreeNode": {"executed_lines": [194, 195, 199, 200, 201, 202, 203, 204, 206, 207], "summary": {"covered_lines": 10, "num_statements": 10, "percent_covered": 100.0, "percent_covered_display": "100", "missing_lines": 0, "excluded_lines": 0}, "missing_lines": [], "excluded_lines": []}, "ProjectAnalyzer": {"executed_lines": [214, 215, 216, 220, 221, 223, 224, 225, 226, 227, 228, 231, 236, 240, 241, 245, 247, 248, 250, 253, 254, 255, 258, 262, 263, 269, 270, 282, 283, 287, 288, 290, 292, 294, 295, 299, 300, 301, 302, 304, 308, 309, 311, 312, 313, 315, 316, 317, 318, 319, 321, 324, 325, 329, 334], "summary": {"covered_lines": 55, "num_statements": 71, "percent_covered": 77.46478873239437, "percent_covered_display": "77", "missing_lines": 16, "excluded_lines": 0}, "missing_lines": [242, 243, 251, 256, 265, 271, 273, 274, 276, 277, 278, 279, 281, 296, 326, 327], "excluded_lines": []}, "AICurator": {"executed_lines": [341, 342, 343, 345, 346, 348, 352, 353, 354, 355, 357, 361, 365, 367, 368, 378, 413, 414, 415, 416, 417, 418, 448, 450, 451, 452, 453, 458, 459, 460, 461, 465, 466, 467, 469], "summary": {"covered_lines": 35, "num_statements": 57, "percent_covered": 61.40350877192982, "percent_covered_display": "61", "missing_lines": 22, "excluded_lines": 0}, "missing_lines": [356, 358, 359, 369, 370, 371, 372, 374, 422, 423, 428, 429, 430, 431, 435, 436, 441, 442, 443, 444, 454, 455], "excluded_lines": []}, "CatsBundler": {"executed_lines": [670, 671, 677, 678, 679, 680, 681, 683, 685, 686, 687, 690, 691, 693, 694, 695, 698, 699, 701, 702, 703, 704, 706, 707, 708, 709, 710, 713, 716, 720, 723, 724, 725, 726, 729, 730, 731, 734, 736, 740, 743, 744, 745, 748, 749, 750, 756, 757, 758, 760, 761, 762, 763], "summary": {"covered_lines": 53, "num_statements": 53, "percent_covered": 100.0, "percent_covered_display": "100", "missing_lines": 0, "excluded_lines": 0}, "missing_lines": [], "excluded_lines": []}, "": {"executed_lines": [3, 14, 15, 16, 17, 18, 19, 20, 21, 22, 23, 24, 25, 28, 29, 30, 34, 35, 37, 38, 40, 41, 43, 44, 47, 48, 49, 54, 55, 56, 57, 58, 69, 70, 71, 74, 75, 76, 77, 78, 79, 82, 83, 84, 85, 86, 87, 88, 89, 90, 91, 92, 93, 94, 95, 96, 97, 98, 100, 101, 102, 103, 104, 107, 108, 109, 115, 124, 134, 138, 143, 145, 146, 147, 148, 149, 150, 151, 152, 154, 157, 160, 163, 185, 186, 187, 188, 189, 190, 191, 193, 197, 210, 211, 213, 218, 238, 260, 267, 285, 306, 337, 338, 340, 350, 363, 376, 411, 420, 433, 446, 472, 474, 475, 476, 477, 478, 481, 483, 484, 487, 488, 489, 492, 493, 496, 498, 499, 500, 501, 502, 503, 506, 507, 508, 509, 510, 513, 514, 515, 517, 518, 519, 520, 521, 523, 525, 527, 528, 529, 530, 532, 538, 540, 541, 545, 546, 550, 551, 553, 556, 559, 560, 563, 564, 565, 568, 571, 573, 574, 575, 578, 580, 582, 583, 585, 586, 588, 590, 596, 597, 598, 601, 603, 604, 605, 606, 607, 610, 612, 615, 616, 617, 619, 620, 623, 624, 627, 628, 629, 631, 632, 634, 635, 636, 637, 638, 640, 641, 643, 646, 648, 649, 650, 651, 652, 654, 655, 656, 657, 658, 659, 663, 666, 667, 669, 673, 738, 766, 767, 772, 779, 784, 790, 794, 800, 807, 814, 822, 830, 835, 840, 847, 854, 861, 869, 876, 881, 887, 890, 913, 918, 921, 923, 925, 926, 927, 928, 929, 931, 932, 934, 935, 938], "summary": {"covered_lines": 257, "num_statements": 285, "percent_covered": 90.17543859649123, "percent_covered_display": "90", "missing_lines": 28, "excluded_lines": 0}, "missing_lines": [31, 32, 36, 42, 50, 51, 153, 165, 166, 168, 169, 171, 172, 173, 175, 176, 177, 178, 179, 180, 182, 566, 625, 660, 661, 914, 915, 939], "excluded_lines": []}}}, "dogs.py": {"executed_lines": [3, 14, 15, 16, 17, 18, 19, 20, 21, 22, 23, 24, 25, 26, 27, 30, 31, 32, 33, 34, 35, 36, 37, 38, 39, 40, 45, 46, 47, 52, 53, 54, 57, 58, 64, 70, 71, 74, 77, 78, 81, 82, 83, 86, 87, 88, 89, 92, 93, 94, 95, 96, 97, 98, 99, 100, 101, 103, 105, 106, 107, 108, 109, 110, 111, 112, 123, 124, 125, 126, 128, 129, 131, 132, 134, 135, 137, 138, 146, 147, 149, 150, 151, 152, 154, 156, 157, 158, 162, 164, 166, 167, 168, 170, 171, 172, 173, 174, 175, 178, 179, 180, 181, 182, 183, 184, 185, 186, 187, 188, 189, 190, 192, 194, 196, 235, 284, 285, 287, 288, 289, 290, 292, 293, 294, 295, 296, 298, 300, 302, 304, 305, 307, 309, 310, 311, 312, 313, 314, 315, 317, 319, 320, 322, 323, 324, 325, 330, 332, 333, 335, 336, 337, 338, 343, 345, 346, 353, 354, 355, 357, 358, 361, 362, 364, 365, 366, 367, 368, 369, 370, 371, 372, 374, 397, 399, 400, 401, 402, 403, 404, 407, 409, 410, 412, 413, 414, 415, 416, 417, 418, 419, 421, 422, 423, 424, 426, 427, 428, 429, 431, 434, 436, 441, 443, 445, 448, 454, 460, 461, 462, 463, 464, 465, 466, 467, 472, 474, 485, 532, 535, 536, 543, 544, 547, 550, 552, 553, 554, 556, 557, 560, 562, 564, 565, 567, 569, 570, 573, 574, 577, 578, 579, 581, 583, 592, 594, 596, 597, 599, 600, 601, 603, 604, 605, 606, 607, 608, 609, 610, 611, 612, 613, 614, 615, 616, 617, 619, 621, 623, 624, 627, 628, 629, 630, 633, 634, 635, 636, 638, 640, 642, 643, 644, 646, 647, 648, 650, 651, 652, 653, 654, 657, 660, 663, 665, 666, 667, 668, 670, 671, 672, 674, 677, 678, 680, 682, 684, 685, 686, 687, 688, 689, 690, 691, 692, 695, 697, 702, 703, 708, 709, 715, 716, 718, 719, 720, 721, 723, 724, 725, 726, 727, 728, 731, 830], "summary": {"covered_lines": 330, "num_statements": 499, "percent_covered": 66.13226452905812, "percent_covered_display": "66", "missing_lines": 169, "excluded_lines": 0}, "missing_lines": [41, 42, 48, 49, 120, 160, 176, 198, 200, 201, 202, 205, 208, 214, 215, 216, 217, 218, 219, 220, 221, 222, 223, 224, 225, 226, 227, 228, 229, 230, 231, 233, 237, 240, 247, 248, 249, 252, 253, 256, 257, 258, 259, 260, 261, 264, 265, 266, 268, 270, 271, 275, 278, 279, 281, 326, 327, 328, 339, 340, 341, 356, 376, 377, 379, 380, 381, 382, 385, 386, 388, 389, 390, 391, 393, 394, 395, 432, 438, 439, 449, 455, 476, 477, 478, 479, 480, 481, 482, 483, 487, 488, 489, 490, 491, 492, 493, 494, 495, 496, 497, 498, 499, 500, 501, 502, 505, 517, 518, 519, 520, 521, 522, 524, 525, 527, 528, 529, 530, 563, 661, 693, 698, 699, 704, 705, 710, 711, 712, 732, 735, 737, 741, 745, 747, 751, 755, 759, 763, 767, 769, 771, 774, 777, 792, 793, 795, 796, 799, 800, 802, 803, 804, 807, 808, 809, 810, 811, 812, 813, 814, 815, 818, 819, 822, 823, 825, 827, 831], "excluded_lines": [], "functions": {"FileChange.get_diff": {"executed_lines": [105, 106, 107, 108, 109, 110, 111, 112], "summary": {"covered_lines": 8, "num_statements": 9, "percent_covered": 88.88888888888889, "percent_covered_display": "89", "missing_lines": 1, "excluded_lines": 0}, "missing_lines": [120], "excluded_lines": []}, "ChangeSet.add_change": {"executed_lines": [129], "summary": {"covered_lines": 1, "num_statements": 1, "percent_covered": 100.0, "percent_covered_display": "100", "missing_lines": 0, "excluded_lines": 0}, "missing_lines": [], "excluded_lines": []}, "ChangeSet.get_accepted": {"executed_lines": [132], "summary": {"covered_lines": 1, "num_statements": 1, "percent_covered": 100.0, "percent_covered_display": "100", "missing_lines": 0, "excluded_lines": 0}, "missing_lines": [], "excluded_lines": []}, "ChangeSet.get_pending": {"executed_lines": [135], "summary": {"covered_lines": 1, "num_statements": 1, "percent_covered": 100.0, "percent_covered_display": "100", "missing_lines": 0, "excluded_lines": 0}, "missing_lines": [], "excluded_lines": []}, "ChangeSet.summary": {"executed_lines": [138], "summary": {"covered_lines": 1, "num_statements": 1, "percent_covered": 100.0, "percent_covered_display": "100", "missing_lines": 0, "excluded_lines": 0}, "missing_lines": [], "excluded_lines": []}, "InteractiveReviewer.__init__": {"executed_lines": [150, 151, 152], "summary": {"covered_lines": 3, "num_statements": 3, "percent_covered": 100.0, "percent_covered_display": "100", "missing_lines": 0, "excluded_lines": 0}, "missing_lines": [], "excluded_lines": []}, "InteractiveReviewer.review": {"executed_lines": [156, 157, 158], "summary": {"covered_lines": 3, "num_statements": 4, "percent_covered": 75.0, "percent_covered_display": "75", "missing_lines": 1, "excluded_lines": 0}, "missing_lines": [160], "excluded_lines": []}, "InteractiveReviewer._basic_review": {"executed_lines": [164, 166, 167, 168, 170, 171, 172, 173, 174, 175, 178, 179, 180, 181, 182, 183, 184, 185, 186, 187, 188, 189, 190, 192, 194], "summary": {"covered_lines": 25, "num_statements": 26, "percent_covered": 96.15384615384616, "percent_covered_display": "96", "missing_lines": 1, "excluded_lines": 0}, "missing_lines": [176], "excluded_lines": []}, "InteractiveReviewer._rich_review": {"executed_lines": [], "summary": {"covered_lines": 0, "num_statements": 25, "percent_covered": 0.0, "percent_covered_display": "0", "missing_lines": 25, "excluded_lines": 0}, "missing_lines": [198, 200, 201, 202, 205, 208, 214, 215, 216, 217, 218, 219, 220, 221, 222, 223, 224, 225, 226, 227, 228, 229, 230, 231, 233], "excluded_lines": []}, "InteractiveReviewer._get_display": {"executed_lines": [], "summary": {"covered_lines": 0, "num_statements": 23, "percent_covered": 0.0, "percent_covered_display": "0", "missing_lines": 23, "excluded_lines": 0}, "missing_lines": [237, 240, 247, 248, 249, 252, 253, 256, 257, 258, 259, 260, 261, 264, 265, 266, 268, 270, 271, 275, 278, 279, 281], "excluded_lines": []}, "GitVerificationHandler.__init__": {"executed_lines": [288, 289, 290, 292, 293, 294, 295, 296], "summary": {"covered_lines": 8, "num_statements": 8, "percent_covered": 100.0, "percent_covered_display": "100", "missing_lines": 0, "excluded_lines": 0}, "missing_lines": [], "excluded_lines": []}, "GitVerificationHandler.is_git_repo": {"executed_lines": [300], "summary": {"covered_lines": 1, "num_statements": 1, "percent_covered": 100.0, "percent_covered_display": "100", "missing_lines": 0, "excluded_lines": 0}, "missing_lines": [], "excluded_lines": []}, "GitVerificationHandler.create_checkpoint": {"executed_lines": [304, 305, 307, 309, 310, 311, 312, 313, 314, 315], "summary": {"covered_lines": 10, "num_statements": 10, "percent_covered": 100.0, "percent_covered_display": "100", "missing_lines": 0, "excluded_lines": 0}, "missing_lines": [], "excluded_lines": []}, "GitVerificationHandler.rollback": {"executed_lines": [319, 320, 322, 323, 324, 325], "summary": {"covered_lines": 6, "num_statements": 9, "percent_covered": 66.66666666666667, "percent_covered_display": "67", "missing_lines": 3, "excluded_lines": 0}, "missing_lines": [326, 327, 328], "excluded_lines": []}, "GitVerificationHandler.finalize": {"executed_lines": [332, 333, 335, 336, 337, 338], "summary": {"covered_lines": 6, "num_statements": 9, "percent_covered": 66.66666666666667, "percent_covered_display": "67", "missing_lines": 3, "excluded_lines": 0}, "missing_lines": [339, 340, 341], "excluded_lines": []}, "GitVerificationHandler.run_verification": {"executed_lines": [345, 346, 353, 354, 355, 357, 358], "summary": {"covered_lines": 7, "num_statements": 8, "percent_covered": 87.5, "percent_covered_display": "88", "missing_lines": 1, "excluded_lines": 0}, "missing_lines": [356], "excluded_lines": []}, "BundleProcessor.__init__": {"executed_lines": [365, 366, 367, 368, 369, 370, 371, 372], "summary": {"covered_lines": 8, "num_statements": 8, "percent_covered": 100.0, "percent_covered_display": "100", "missing_lines": 0, "excluded_lines": 0}, "missing_lines": [], "excluded_lines": []}, "BundleProcessor._load_original_bundle": {"executed_lines": [], "summary": {"covered_lines": 0, "num_statements": 15, "percent_covered": 0.0, "percent_covered_display": "0", "missing_lines": 15, "excluded_lines": 0}, "missing_lines": [376, 377, 379, 380, 381, 382, 385, 386, 388, 389, 390, 391, 393, 394, 395], "excluded_lines": []}, "BundleProcessor.parse_bundle": {"executed_lines": [399, 400, 401, 402, 403, 404, 407, 409, 410, 412, 413, 414, 415, 416, 417, 418, 419, 421, 422, 423, 424, 426, 427, 428, 429, 431, 434, 436, 441, 443], "summary": {"covered_lines": 30, "num_statements": 33, "percent_covered": 90.9090909090909, "percent_covered_display": "91", "missing_lines": 3, "excluded_lines": 0}, "missing_lines": [432, 438, 439], "excluded_lines": []}, "BundleProcessor._parse_paws_command": {"executed_lines": [448, 454, 460, 461, 462, 463, 464, 465, 466, 467, 472], "summary": {"covered_lines": 11, "num_statements": 13, "percent_covered": 84.61538461538461, "percent_covered_display": "85", "missing_lines": 2, "excluded_lines": 0}, "missing_lines": [449, 455], "excluded_lines": []}, "BundleProcessor._parse_cmd_args": {"executed_lines": [], "summary": {"covered_lines": 0, "num_statements": 8, "percent_covered": 0.0, "percent_covered_display": "0", "missing_lines": 8, "excluded_lines": 0}, "missing_lines": [476, 477, 478, 479, 480, 481, 482, 483], "excluded_lines": []}, "BundleProcessor._handle_agentic_command": {"executed_lines": [], "summary": {"covered_lines": 0, "num_statements": 29, "percent_covered": 0.0, "percent_covered_display": "0", "missing_lines": 29, "excluded_lines": 0}, "missing_lines": [487, 488, 489, 490, 491, 492, 493, 494, 495, 496, 497, 498, 499, 500, 501, 502, 505, 517, 518, 519, 520, 521, 522, 524, 525, 527, 528, 529, 530], "excluded_lines": []}, "BundleProcessor._process_file": {"executed_lines": [535, 536, 543, 544, 547, 550, 552, 553, 554, 556, 557, 560, 562, 564, 565, 567, 569, 570, 573, 574, 577, 578, 579, 581, 583, 592], "summary": {"covered_lines": 26, "num_statements": 27, "percent_covered": 96.29629629629629, "percent_covered_display": "96", "missing_lines": 1, "excluded_lines": 0}, "missing_lines": [563], "excluded_lines": []}, "BundleProcessor._apply_delta_commands": {"executed_lines": [596, 597, 599, 600, 601, 603, 604, 605, 606, 607, 608, 609, 610, 611, 612, 613, 614, 615, 616, 617, 619], "summary": {"covered_lines": 21, "num_statements": 21, "percent_covered": 100.0, "percent_covered_display": "100", "missing_lines": 0, "excluded_lines": 0}, "missing_lines": [], "excluded_lines": []}, "BundleProcessor._clean_content": {"executed_lines": [623, 624, 627, 628, 629, 630, 633, 634, 635, 636, 638], "summary": {"covered_lines": 11, "num_statements": 11, "percent_covered": 100.0, "percent_covered_display": "100", "missing_lines": 0, "excluded_lines": 0}, "missing_lines": [], "excluded_lines": []}, "BundleProcessor.apply_changes": {"executed_lines": [642, 643, 644, 646, 647, 648, 650, 651, 652, 653, 654, 657, 660, 663, 665, 666, 667, 668, 670, 671, 672, 674, 677, 678, 680], "summary": {"covered_lines": 25, "num_statements": 26, "percent_covered": 96.15384615384616, "percent_covered_display": "96", "missing_lines": 1, "excluded_lines": 0}, "missing_lines": [661], "excluded_lines": []}, "BundleProcessor._verify_docs_sync": {"executed_lines": [684, 685, 686, 687, 688, 689, 690, 691, 692], "summary": {"covered_lines": 9, "num_statements": 10, "percent_covered": 90.0, "percent_covered_display": "90", "missing_lines": 1, "excluded_lines": 0}, "missing_lines": [693], "excluded_lines": []}, "BundleProcessor.run_with_verification": {"executed_lines": [697, 702, 703, 708, 709, 715, 716, 718, 719, 720, 721, 723, 724, 725, 726, 727, 728], "summary": {"covered_lines": 17, "num_statements": 24, "percent_covered": 70.83333333333333, "percent_covered_display": "71", "missing_lines": 7, "excluded_lines": 0}, "missing_lines": [698, 699, 704, 705, 710, 711, 712], "excluded_lines": []}, "main": {"executed_lines": [], "summary": {"covered_lines": 0, "num_statements": 39, "percent_covered": 0.0, "percent_covered_display": "0", "missing_lines": 39, "excluded_lines": 0}, "missing_lines": [732, 735, 737, 741, 745, 747, 751, 755, 759, 763, 767, 769, 771, 774, 777, 792, 793, 795, 796, 799, 800, 802, 803, 804, 807, 808, 809, 810, 811, 812, 813, 814, 815, 818, 819, 822, 823, 825, 827], "excluded_lines": []}, "": {"executed_lines": [3, 14, 15, 16, 17, 18, 19, 20, 21, 22, 23, 24, 25, 26, 27, 30, 31, 32, 33, 34, 35, 36, 37, 38, 39, 40, 45, 46, 47, 52, 53, 54, 57, 58, 64, 70, 71, 74, 77, 78, 81, 82, 83, 86, 87, 88, 89, 92, 93, 94, 95, 96, 97, 98, 99, 100, 101, 103, 123, 124, 125, 126, 128, 131, 134, 137, 146, 147, 149, 154, 162, 196, 235, 284, 285, 287, 298, 302, 317, 330, 343, 361, 362, 364, 374, 397, 445, 474, 485, 532, 594, 621, 640, 682, 695, 731, 830], "summary": {"covered_lines": 91, "num_statements": 96, "percent_covered": 94.79166666666667, "percent_covered_display": "95", "missing_lines": 5, "excluded_lines": 0}, "missing_lines": [41, 42, 48, 49, 831], "excluded_lines": []}}, "classes": {"FileOperation": {"executed_lines": [], "summary": {"covered_lines": 0, "num_statements": 0, "percent_covered": 100.0, "percent_covered_display": "100", "missing_lines": 0, "excluded_lines": 0}, "missing_lines": [], "excluded_lines": []}, "FileChange": {"executed_lines": [105, 106, 107, 108, 109, 110, 111, 112], "summary": {"covered_lines": 8, "num_statements": 9, "percent_covered": 88.88888888888889, "percent_covered_display": "89", "missing_lines": 1, "excluded_lines": 0}, "missing_lines": [120], "excluded_lines": []}, "ChangeSet": {"executed_lines": [129, 132, 135, 138], "summary": {"covered_lines": 4, "num_statements": 4, "percent_covered": 100.0, "percent_covered_display": "100", "missing_lines": 0, "excluded_lines": 0}, "missing_lines": [], "excluded_lines": []}, "InteractiveReviewer": {"executed_lines": [150, 151, 152, 156, 157, 158, 164, 166, 167, 168, 170, 171, 172, 173, 174, 175, 178, 179, 180, 181, 182, 183, 184, 185, 186, 187, 188, 189, 190, 192, 194], "summary": {"covered_lines": 31, "num_statements": 81, "percent_covered": 38.27160493827161, "percent_covered_display": "38", "missing_lines": 50, "excluded_lines": 0}, "missing_lines": [160, 176, 198, 200, 201, 202, 205, 208, 214, 215, 216, 217, 218, 219, 220, 221, 222, 223, 224, 225, 226, 227, 228, 229, 230, 231, 233, 237, 240, 247, 248, 249, 252, 253, 256, 257, 258, 259, 260, 261, 264, 265, 266, 268, 270, 271, 275, 278, 279, 281], "excluded_lines": []}, "GitVerificationHandler": {"executed_lines": [288, 289, 290, 292, 293, 294, 295, 296, 300, 304, 305, 307, 309, 310, 311, 312, 313, 314, 315, 319, 320, 322, 323, 324, 325, 332, 333, 335, 336, 337, 338, 345, 346, 353, 354, 355, 357, 358], "summary": {"covered_lines": 38, "num_statements": 45, "percent_covered": 84.44444444444444, "percent_covered_display": "84", "missing_lines": 7, "excluded_lines": 0}, "missing_lines": [326, 327, 328, 339, 340, 341, 356], "excluded_lines": []}, "BundleProcessor": {"executed_lines": [365, 366, 367, 368, 369, 370, 371, 372, 399, 400, 401, 402, 403, 404, 407, 409, 410, 412, 413, 414, 415, 416, 417, 418, 419, 421, 422, 423, 424, 426, 427, 428, 429, 431, 434, 436, 441, 443, 448, 454, 460, 461, 462, 463, 464, 465, 466, 467, 472, 535, 536, 543, 544, 547, 550, 552, 553, 554, 556, 557, 560, 562, 564, 565, 567, 569, 570, 573, 574, 577, 578, 579, 581, 583, 592, 596, 597, 599, 600, 601, 603, 604, 605, 606, 607, 608, 609, 610, 611, 612, 613, 614, 615, 616, 617, 619, 623, 624, 627, 628, 629, 630, 633, 634, 635, 636, 638, 642, 643, 644, 646, 647, 648, 650, 651, 652, 653, 654, 657, 660, 663, 665, 666, 667, 668, 670, 671, 672, 674, 677, 678, 680, 684, 685, 686, 687, 688, 689, 690, 691, 692, 697, 702, 703, 708, 709, 715, 716, 718, 719, 720, 721, 723, 724, 725, 726, 727, 728], "summary": {"covered_lines": 158, "num_statements": 225, "percent_covered": 70.22222222222223, "percent_covered_display": "70", "missing_lines": 67, "excluded_lines": 0}, "missing_lines": [376, 377, 379, 380, 381, 382, 385, 386, 388, 389, 390, 391, 393, 394, 395, 432, 438, 439, 449, 455, 476, 477, 478, 479, 480, 481, 482, 483, 487, 488, 489, 490, 491, 492, 493, 494, 495, 496, 497, 498, 499, 500, 501, 502, 505, 517, 518, 519, 520, 521, 522, 524, 525, 527, 528, 529, 530, 563, 661, 693, 698, 699, 704, 705, 710, 711, 712], "excluded_lines": []}, "": {"executed_lines": [3, 14, 15, 16, 17, 18, 19, 20, 21, 22, 23, 24, 25, 26, 27, 30, 31, 32, 33, 34, 35, 36, 37, 38, 39, 40, 45, 46, 47, 52, 53, 54, 57, 58, 64, 70, 71, 74, 77, 78, 81, 82, 83, 86, 87, 88, 89, 92, 93, 94, 95, 96, 97, 98, 99, 100, 101, 103, 123, 124, 125, 126, 128, 131, 134, 137, 146, 147, 149, 154, 162, 196, 235, 284, 285, 287, 298, 302, 317, 330, 343, 361, 362, 364, 374, 397, 445, 474, 485, 532, 594, 621, 640, 682, 695, 731, 830], "summary": {"covered_lines": 91, "num_statements": 135, "percent_covered": 67.4074074074074, "percent_covered_display": "67", "missing_lines": 44, "excluded_lines": 0}, "missing_lines": [41, 42, 48, 49, 732, 735, 737, 741, 745, 747, 751, 755, 759, 763, 767, 769, 771, 774, 777, 792, 793, 795, 796, 799, 800, 802, 803, 804, 807, 808, 809, 810, 811, 812, 813, 814, 815, 818, 819, 822, 823, 825, 827, 831], "excluded_lines": []}}}, "paws_benchmark.py": {"executed_lines": [3, 14, 15, 16, 17, 18, 19, 20, 21, 24, 25, 26, 27, 28, 29, 30, 31, 32, 33, 34, 35, 38, 39, 40, 41, 42, 43, 46, 47, 49, 50, 51, 54, 64, 66, 67, 69, 112, 123, 146, 170, 200, 244, 276, 367], "summary": {"covered_lines": 41, "num_statements": 149, "percent_covered": 27.516778523489933, "percent_covered_display": "28", "missing_lines": 108, "excluded_lines": 0}, "missing_lines": [72, 75, 82, 85, 86, 87, 90, 93, 96, 98, 110, 114, 115, 116, 117, 118, 119, 120, 121, 126, 127, 128, 129, 130, 132, 134, 135, 136, 142, 144, 149, 159, 160, 161, 163, 166, 168, 172, 173, 174, 176, 177, 180, 181, 182, 183, 184, 186, 187, 188, 198, 202, 204, 205, 208, 211, 218, 224, 230, 236, 242, 246, 247, 248, 250, 251, 254, 255, 256, 258, 259, 265, 268, 269, 270, 271, 272, 273, 277, 281, 286, 290, 294, 298, 302, 307, 313, 316, 319, 320, 322, 323, 324, 325, 326, 336, 338, 339, 341, 347, 348, 350, 356, 358, 359, 362, 364, 368], "excluded_lines": [], "functions": {"PerformanceBenchmark.__init__": {"executed_lines": [50, 51, 54], "summary": {"covered_lines": 3, "num_statements": 3, "percent_covered": 100.0, "percent_covered_display": "100", "missing_lines": 0, "excluded_lines": 0}, "missing_lines": [], "excluded_lines": []}, "PerformanceBenchmark.estimate_cost": {"executed_lines": [66, 67], "summary": {"covered_lines": 2, "num_statements": 2, "percent_covered": 100.0, "percent_covered_display": "100", "missing_lines": 0, "excluded_lines": 0}, "missing_lines": [], "excluded_lines": []}, "PerformanceBenchmark.run_benchmark": {"executed_lines": [], "summary": {"covered_lines": 0, "num_statements": 11, "percent_covered": 0.0, "percent_covered_display": "0", "missing_lines": 11, "excluded_lines": 0}, "missing_lines": [72, 75, 82, 85, 86, 87, 90, 93, 96, 98, 110], "excluded_lines": []}, "PerformanceBenchmark._get_provider": {"executed_lines": [], "summary": {"covered_lines": 0, "num_statements": 8, "percent_covered": 0.0, "percent_covered_display": "0", "missing_lines": 8, "excluded_lines": 0}, "missing_lines": [114, 115, 116, 117, 118, 119, 120, 121], "excluded_lines": []}, "PerformanceBenchmark.run_benchmark_suite": {"executed_lines": [], "summary": {"covered_lines": 0, "num_statements": 11, "percent_covered": 0.0, "percent_covered_display": "0", "missing_lines": 11, "excluded_lines": 0}, "missing_lines": [126, 127, 128, 129, 130, 132, 134, 135, 136, 142, 144], "excluded_lines": []}, "PerformanceBenchmark.generate_report": {"executed_lines": [], "summary": {"covered_lines": 0, "num_statements": 7, "percent_covered": 0.0, "percent_covered_display": "0", "missing_lines": 7, "excluded_lines": 0}, "missing_lines": [149, 159, 160, 161, 163, 166, 168], "excluded_lines": []}, "PerformanceBenchmark._calculate_summary": {"executed_lines": [], "summary": {"covered_lines": 0, "num_statements": 14, "percent_covered": 0.0, "percent_covered_display": "0", "missing_lines": 14, "excluded_lines": 0}, "missing_lines": [172, 173, 174, 176, 177, 180, 181, 182, 183, 184, 186, 187, 188, 198], "excluded_lines": []}, "PerformanceBenchmark._calculate_rankings": {"executed_lines": [], "summary": {"covered_lines": 0, "num_statements": 10, "percent_covered": 0.0, "percent_covered_display": "0", "missing_lines": 10, "excluded_lines": 0}, "missing_lines": [202, 204, 205, 208, 211, 218, 224, 230, 236, 242], "excluded_lines": []}, "PerformanceBenchmark._print_report": {"executed_lines": [], "summary": {"covered_lines": 0, "num_statements": 17, "percent_covered": 0.0, "percent_covered_display": "0", "missing_lines": 17, "excluded_lines": 0}, "missing_lines": [246, 247, 248, 250, 251, 254, 255, 256, 258, 259, 265, 268, 269, 270, 271, 272, 273], "excluded_lines": []}, "main": {"executed_lines": [], "summary": {"covered_lines": 0, "num_statements": 29, "percent_covered": 0.0, "percent_covered_display": "0", "missing_lines": 29, "excluded_lines": 0}, "missing_lines": [277, 281, 286, 290, 294, 298, 302, 307, 313, 316, 319, 320, 322, 323, 324, 325, 326, 336, 338, 339, 341, 347, 348, 350, 356, 358, 359, 362, 364], "excluded_lines": []}, "": {"executed_lines": [3, 14, 15, 16, 17, 18, 19, 20, 21, 24, 25, 26, 27, 28, 29, 30, 31, 32, 33, 34, 35, 38, 39, 40, 41, 42, 43, 46, 47, 49, 64, 69, 112, 123, 146, 170, 200, 244, 276, 367], "summary": {"covered_lines": 36, "num_statements": 37, "percent_covered": 97.29729729729729, "percent_covered_display": "97", "missing_lines": 1, "excluded_lines": 0}, "missing_lines": [368], "excluded_lines": []}}, "classes": {"BenchmarkMetrics": {"executed_lines": [], "summary": {"covered_lines": 0, "num_statements": 0, "percent_covered": 100.0, "percent_covered_display": "100", "missing_lines": 0, "excluded_lines": 0}, "missing_lines": [], "excluded_lines": []}, "BenchmarkSuite": {"executed_lines": [], "summary": {"covered_lines": 0, "num_statements": 0, "percent_covered": 100.0, "percent_covered_display": "100", "missing_lines": 0, "excluded_lines": 0}, "missing_lines": [], "excluded_lines": []}, "PerformanceBenchmark": {"executed_lines": [50, 51, 54, 66, 67], "summary": {"covered_lines": 5, "num_statements": 83, "percent_covered": 6.024096385542169, "percent_covered_display": "6", "missing_lines": 78, "excluded_lines": 0}, "missing_lines": [72, 75, 82, 85, 86, 87, 90, 93, 96, 98, 110, 114, 115, 116, 117, 118, 119, 120, 121, 126, 127, 128, 129, 130, 132, 134, 135, 136, 142, 144, 149, 159, 160, 161, 163, 166, 168, 172, 173, 174, 176, 177, 180, 181, 182, 183, 184, 186, 187, 188, 198, 202, 204, 205, 208, 211, 218, 224, 230, 236, 242, 246, 247, 248, 250, 251, 254, 255, 256, 258, 259, 265, 268, 269, 270, 271, 272, 273], "excluded_lines": []}, "": {"executed_lines": [3, 14, 15, 16, 17, 18, 19, 20, 21, 24, 25, 26, 27, 28, 29, 30, 31, 32, 33, 34, 35, 38, 39, 40, 41, 42, 43, 46, 47, 49, 64, 69, 112, 123, 146, 170, 200, 244, 276, 367], "summary": {"covered_lines": 36, "num_statements": 66, "percent_covered": 54.54545454545455, "percent_covered_display": "55", "missing_lines": 30, "excluded_lines": 0}, "missing_lines": [277, 281, 286, 290, 294, 298, 302, 307, 313, 316, 319, 320, 322, 323, 324, 325, 326, 336, 338, 339, 341, 347, 348, 350, 356, 358, 359, 362, 364, 368], "excluded_lines": []}}}, "paws_context_optimizer.py": {"executed_lines": [3, 13, 14, 15, 16, 17, 18, 19, 20, 23, 24, 25, 26, 27, 28, 29, 30, 31, 34, 35, 36, 37, 38, 39, 40, 43, 44, 46, 47, 48, 50, 52, 53, 54, 55, 57, 59, 60, 62, 63, 64, 65, 66, 69, 70, 71, 74, 76, 94, 115, 139, 140, 142, 143, 144, 145, 146, 148, 179, 223, 252, 306, 351], "summary": {"covered_lines": 58, "num_statements": 200, "percent_covered": 29.0, "percent_covered_display": "29", "missing_lines": 142, "excluded_lines": 0}, "missing_lines": [67, 68, 84, 85, 86, 96, 98, 99, 100, 101, 104, 105, 107, 109, 110, 111, 113, 118, 119, 120, 122, 123, 125, 126, 128, 129, 131, 132, 133, 134, 136, 150, 152, 153, 155, 165, 166, 168, 174, 175, 177, 181, 182, 185, 188, 191, 192, 193, 195, 196, 197, 198, 201, 202, 203, 205, 208, 210, 211, 212, 213, 214, 216, 227, 229, 230, 231, 234, 235, 236, 237, 240, 241, 244, 245, 246, 248, 250, 254, 256, 257, 258, 259, 260, 261, 262, 263, 266, 267, 269, 270, 271, 272, 274, 275, 276, 277, 278, 279, 280, 282, 283, 286, 287, 288, 289, 290, 292, 293, 294, 295, 296, 297, 300, 301, 303, 307, 311, 312, 313, 314, 315, 317, 320, 323, 324, 325, 326, 327, 328, 330, 331, 334, 335, 338, 341, 342, 344, 345, 346, 348, 352], "excluded_lines": [], "functions": {"DependencyAnalyzer.__init__": {"executed_lines": [47, 48], "summary": {"covered_lines": 2, "num_statements": 2, "percent_covered": 100.0, "percent_covered_display": "100", "missing_lines": 0, "excluded_lines": 0}, "missing_lines": [], "excluded_lines": []}, "DependencyAnalyzer.analyze_python_file": {"executed_lines": [52, 53, 54, 55, 57, 59, 60, 62, 63, 64, 65, 66, 69, 70, 71, 74, 76], "summary": {"covered_lines": 17, "num_statements": 22, "percent_covered": 77.27272727272727, "percent_covered_display": "77", "missing_lines": 5, "excluded_lines": 0}, "missing_lines": [67, 68, 84, 85, 86], "excluded_lines": []}, "DependencyAnalyzer.build_dependency_graph": {"executed_lines": [], "summary": {"covered_lines": 0, "num_statements": 12, "percent_covered": 0.0, "percent_covered_display": "0", "missing_lines": 12, "excluded_lines": 0}, "missing_lines": [96, 98, 99, 100, 101, 104, 105, 107, 109, 110, 111, 113], "excluded_lines": []}, "DependencyAnalyzer.find_dependencies": {"executed_lines": [], "summary": {"covered_lines": 0, "num_statements": 14, "percent_covered": 0.0, "percent_covered_display": "0", "missing_lines": 14, "excluded_lines": 0}, "missing_lines": [118, 119, 120, 122, 123, 125, 126, 128, 129, 131, 132, 133, 134, 136], "excluded_lines": []}, "ContextOptimizer.__init__": {"executed_lines": [143, 144, 145, 146], "summary": {"covered_lines": 4, "num_statements": 4, "percent_covered": 100.0, "percent_covered_display": "100", "missing_lines": 0, "excluded_lines": 0}, "missing_lines": [], "excluded_lines": []}, "ContextOptimizer.generate_catscan_summary": {"executed_lines": [], "summary": {"covered_lines": 0, "num_statements": 10, "percent_covered": 0.0, "percent_covered_display": "0", "missing_lines": 10, "excluded_lines": 0}, "missing_lines": [150, 152, 153, 155, 165, 166, 168, 174, 175, 177], "excluded_lines": []}, "ContextOptimizer.create_context_window": {"executed_lines": [], "summary": {"covered_lines": 0, "num_statements": 22, "percent_covered": 0.0, "percent_covered_display": "0", "missing_lines": 22, "excluded_lines": 0}, "missing_lines": [181, 182, 185, 188, 191, 192, 193, 195, 196, 197, 198, 201, 202, 203, 205, 208, 210, 211, 212, 213, 214, 216], "excluded_lines": []}, "ContextOptimizer._rank_files_by_relevance": {"executed_lines": [], "summary": {"covered_lines": 0, "num_statements": 15, "percent_covered": 0.0, "percent_covered_display": "0", "missing_lines": 15, "excluded_lines": 0}, "missing_lines": [227, 229, 230, 231, 234, 235, 236, 237, 240, 241, 244, 245, 246, 248, 250], "excluded_lines": []}, "ContextOptimizer.create_optimized_bundle": {"executed_lines": [], "summary": {"covered_lines": 0, "num_statements": 38, "percent_covered": 0.0, "percent_covered_display": "0", "missing_lines": 38, "excluded_lines": 0}, "missing_lines": [254, 256, 257, 258, 259, 260, 261, 262, 263, 266, 267, 269, 270, 271, 272, 274, 275, 276, 277, 278, 279, 280, 282, 283, 286, 287, 288, 289, 290, 292, 293, 294, 295, 296, 297, 300, 301, 303], "excluded_lines": []}, "main": {"executed_lines": [], "summary": {"covered_lines": 0, "num_statements": 25, "percent_covered": 0.0, "percent_covered_display": "0", "missing_lines": 25, "excluded_lines": 0}, "missing_lines": [307, 311, 312, 313, 314, 315, 317, 320, 323, 324, 325, 326, 327, 328, 330, 331, 334, 335, 338, 341, 342, 344, 345, 346, 348], "excluded_lines": []}, "": {"executed_lines": [3, 13, 14, 15, 16, 17, 18, 19, 20, 23, 24, 25, 26, 27, 28, 29, 30, 31, 34, 35, 36, 37, 38, 39, 40, 43, 44, 46, 50, 94, 115, 139, 140, 142, 148, 179, 223, 252, 306, 351], "summary": {"covered_lines": 35, "num_statements": 36, "percent_covered": 97.22222222222223, "percent_covered_display": "97", "missing_lines": 1, "excluded_lines": 0}, "missing_lines": [352], "excluded_lines": []}}, "classes": {"CodeModule": {"executed_lines": [], "summary": {"covered_lines": 0, "num_statements": 0, "percent_covered": 100.0, "percent_covered_display": "100", "missing_lines": 0, "excluded_lines": 0}, "missing_lines": [], "excluded_lines": []}, "ContextWindow": {"executed_lines": [], "summary": {"covered_lines": 0, "num_statements": 0, "percent_covered": 100.0, "percent_covered_display": "100", "missing_lines": 0, "excluded_lines": 0}, "missing_lines": [], "excluded_lines": []}, "DependencyAnalyzer": {"executed_lines": [47, 48, 52, 53, 54, 55, 57, 59, 60, 62, 63, 64, 65, 66, 69, 70, 71, 74, 76], "summary": {"covered_lines": 19, "num_statements": 50, "percent_covered": 38.0, "percent_covered_display": "38", "missing_lines": 31, "excluded_lines": 0}, "missing_lines": [67, 68, 84, 85, 86, 96, 98, 99, 100, 101, 104, 105, 107, 109, 110, 111, 113, 118, 119, 120, 122, 123, 125, 126, 128, 129, 131, 132, 133, 134, 136], "excluded_lines": []}, "ContextOptimizer": {"executed_lines": [143, 144, 145, 146], "summary": {"covered_lines": 4, "num_statements": 89, "percent_covered": 4.49438202247191, "percent_covered_display": "4", "missing_lines": 85, "excluded_lines": 0}, "missing_lines": [150, 152, 153, 155, 165, 166, 168, 174, 175, 177, 181, 182, 185, 188, 191, 192, 193, 195, 196, 197, 198, 201, 202, 203, 205, 208, 210, 211, 212, 213, 214, 216, 227, 229, 230, 231, 234, 235, 236, 237, 240, 241, 244, 245, 246, 248, 250, 254, 256, 257, 258, 259, 260, 261, 262, 263, 266, 267, 269, 270, 271, 272, 274, 275, 276, 277, 278, 279, 280, 282, 283, 286, 287, 288, 289, 290, 292, 293, 294, 295, 296, 297, 300, 301, 303], "excluded_lines": []}, "": {"executed_lines": [3, 13, 14, 15, 16, 17, 18, 19, 20, 23, 24, 25, 26, 27, 28, 29, 30, 31, 34, 35, 36, 37, 38, 39, 40, 43, 44, 46, 50, 94, 115, 139, 140, 142, 148, 179, 223, 252, 306, 351], "summary": {"covered_lines": 35, "num_statements": 61, "percent_covered": 57.377049180327866, "percent_covered_display": "57", "missing_lines": 26, "excluded_lines": 0}, "missing_lines": [307, 311, 312, 313, 314, 315, 317, 320, 323, 324, 325, 326, 327, 328, 330, 331, 334, 335, 338, 341, 342, 344, 345, 346, 348, 352], "excluded_lines": []}}}, "paws_paxos.py": {"executed_lines": [3, 13, 14, 15, 16, 17, 18, 19, 20, 21, 22, 23, 26, 27, 28, 32, 33, 35, 36, 38, 39, 41, 42, 45, 46, 47, 48, 49, 50, 51, 52, 53, 54, 57, 58, 59, 60, 61, 62, 63, 64, 65, 66, 67, 70, 71, 73, 74, 75, 76, 78, 80, 82, 83, 85, 86, 88, 89, 91, 92, 93, 104, 109, 110, 116, 118, 127, 128, 130, 143, 157, 158, 160, 162, 163, 164, 165, 166, 169, 170, 172, 174, 175, 177, 178, 180, 181, 182, 183, 184, 185, 186, 192, 201, 203, 205, 208, 209, 210, 211, 214, 215, 216, 219, 220, 221, 224, 225, 226, 227, 228, 229, 230, 231, 233, 235, 301, 375, 399, 449, 548], "summary": {"covered_lines": 116, "num_statements": 281, "percent_covered": 41.281138790035584, "percent_covered_display": "41", "missing_lines": 165, "excluded_lines": 0}, "missing_lines": [29, 30, 34, 40, 87, 94, 96, 97, 98, 99, 102, 111, 112, 113, 114, 132, 139, 140, 141, 145, 152, 153, 154, 187, 188, 190, 237, 238, 239, 241, 243, 245, 246, 247, 249, 252, 253, 254, 256, 257, 260, 261, 262, 263, 265, 266, 268, 270, 271, 273, 275, 285, 286, 287, 288, 290, 304, 305, 307, 309, 310, 317, 318, 321, 322, 336, 337, 340, 341, 351, 353, 354, 356, 358, 359, 361, 362, 366, 367, 372, 373, 378, 380, 381, 382, 383, 388, 389, 390, 392, 393, 394, 395, 397, 401, 402, 403, 405, 406, 407, 410, 411, 412, 413, 414, 415, 418, 419, 420, 421, 422, 423, 424, 425, 426, 427, 428, 429, 432, 433, 434, 435, 436, 438, 439, 440, 441, 443, 444, 445, 446, 450, 454, 459, 464, 468, 473, 478, 484, 487, 488, 489, 491, 492, 493, 495, 496, 497, 498, 499, 502, 510, 511, 512, 513, 514, 515, 531, 533, 534, 535, 536, 539, 545, 549], "excluded_lines": [], "functions": {"LLMClient.__init__": {"executed_lines": [74, 75, 76], "summary": {"covered_lines": 3, "num_statements": 3, "percent_covered": 100.0, "percent_covered_display": "100", "missing_lines": 0, "excluded_lines": 0}, "missing_lines": [], "excluded_lines": []}, "LLMClient._initialize_client": {"executed_lines": [80, 82, 83, 85, 86, 88, 89, 91, 92, 93], "summary": {"covered_lines": 10, "num_statements": 17, "percent_covered": 58.8235294117647, "percent_covered_display": "59", "missing_lines": 7, "excluded_lines": 0}, "missing_lines": [87, 94, 96, 97, 98, 99, 102], "excluded_lines": []}, "LLMClient.generate": {"executed_lines": [109, 110], "summary": {"covered_lines": 2, "num_statements": 6, "percent_covered": 33.333333333333336, "percent_covered_display": "33", "missing_lines": 4, "excluded_lines": 0}, "missing_lines": [111, 112, 113, 114], "excluded_lines": []}, "LLMClient._generate_gemini": {"executed_lines": [118, 127, 128], "summary": {"covered_lines": 3, "num_statements": 3, "percent_covered": 100.0, "percent_covered_display": "100", "missing_lines": 0, "excluded_lines": 0}, "missing_lines": [], "excluded_lines": []}, "LLMClient._generate_claude": {"executed_lines": [], "summary": {"covered_lines": 0, "num_statements": 4, "percent_covered": 0.0, "percent_covered_display": "0", "missing_lines": 4, "excluded_lines": 0}, "missing_lines": [132, 139, 140, 141], "excluded_lines": []}, "LLMClient._generate_openai": {"executed_lines": [], "summary": {"covered_lines": 0, "num_statements": 4, "percent_covered": 0.0, "percent_covered_display": "0", "missing_lines": 4, "excluded_lines": 0}, "missing_lines": [145, 152, 153, 154], "excluded_lines": []}, "PaxosOrchestrator.__init__": {"executed_lines": [162, 163, 164, 165, 166, 169, 170], "summary": {"covered_lines": 7, "num_statements": 7, "percent_covered": 100.0, "percent_covered_display": "100", "missing_lines": 0, "excluded_lines": 0}, "missing_lines": [], "excluded_lines": []}, "PaxosOrchestrator.load_competitors": {"executed_lines": [174, 175, 177, 178, 180, 181, 182, 183, 184, 185, 186, 192, 201], "summary": {"covered_lines": 13, "num_statements": 16, "percent_covered": 81.25, "percent_covered_display": "81", "missing_lines": 3, "excluded_lines": 0}, "missing_lines": [187, 188, 190], "excluded_lines": []}, "PaxosOrchestrator.build_prompt": {"executed_lines": [205, 208, 209, 210, 211, 214, 215, 216, 219, 220, 221, 224, 225, 226, 227, 228, 229, 230, 231, 233], "summary": {"covered_lines": 20, "num_statements": 20, "percent_covered": 100.0, "percent_covered_display": "100", "missing_lines": 0, "excluded_lines": 0}, "missing_lines": [], "excluded_lines": []}, "PaxosOrchestrator.run_competitor": {"executed_lines": [], "summary": {"covered_lines": 0, "num_statements": 30, "percent_covered": 0.0, "percent_covered_display": "0", "missing_lines": 30, "excluded_lines": 0}, "missing_lines": [237, 238, 239, 241, 243, 245, 246, 247, 249, 252, 253, 254, 256, 257, 260, 261, 262, 263, 265, 266, 268, 270, 271, 273, 275, 285, 286, 287, 288, 290], "excluded_lines": []}, "PaxosOrchestrator.verify_solution": {"executed_lines": [], "summary": {"covered_lines": 0, "num_statements": 25, "percent_covered": 0.0, "percent_covered_display": "0", "missing_lines": 25, "excluded_lines": 0}, "missing_lines": [304, 305, 307, 309, 310, 317, 318, 321, 322, 336, 337, 340, 341, 351, 353, 354, 356, 358, 359, 361, 362, 366, 367, 372, 373], "excluded_lines": []}, "PaxosOrchestrator.run_competition": {"executed_lines": [], "summary": {"covered_lines": 0, "num_statements": 13, "percent_covered": 0.0, "percent_covered_display": "0", "missing_lines": 13, "excluded_lines": 0}, "missing_lines": [378, 380, 381, 382, 383, 388, 389, 390, 392, 393, 394, 395, 397], "excluded_lines": []}, "PaxosOrchestrator.generate_report": {"executed_lines": [], "summary": {"covered_lines": 0, "num_statements": 37, "percent_covered": 0.0, "percent_covered_display": "0", "missing_lines": 37, "excluded_lines": 0}, "missing_lines": [401, 402, 403, 405, 406, 407, 410, 411, 412, 413, 414, 415, 418, 419, 420, 421, 422, 423, 424, 425, 426, 427, 428, 429, 432, 433, 434, 435, 436, 438, 439, 440, 441, 443, 444, 445, 446], "excluded_lines": []}, "main": {"executed_lines": [], "summary": {"covered_lines": 0, "num_statements": 33, "percent_covered": 0.0, "percent_covered_display": "0", "missing_lines": 33, "excluded_lines": 0}, "missing_lines": [450, 454, 459, 464, 468, 473, 478, 484, 487, 488, 489, 491, 492, 493, 495, 496, 497, 498, 499, 502, 510, 511, 512, 513, 514, 515, 531, 533, 534, 535, 536, 539, 545], "excluded_lines": []}, "": {"executed_lines": [3, 13, 14, 15, 16, 17, 18, 19, 20, 21, 22, 23, 26, 27, 28, 32, 33, 35, 36, 38, 39, 41, 42, 45, 46, 47, 48, 49, 50, 51, 52, 53, 54, 57, 58, 59, 60, 61, 62, 63, 64, 65, 66, 67, 70, 71, 73, 78, 104, 116, 130, 143, 157, 158, 160, 172, 203, 235, 301, 375, 399, 449, 548], "summary": {"covered_lines": 58, "num_statements": 63, "percent_covered": 92.06349206349206, "percent_covered_display": "92", "missing_lines": 5, "excluded_lines": 0}, "missing_lines": [29, 30, 34, 40, 549], "excluded_lines": []}}, "classes": {"CompetitorConfig": {"executed_lines": [], "summary": {"covered_lines": 0, "num_statements": 0, "percent_covered": 100.0, "percent_covered_display": "100", "missing_lines": 0, "excluded_lines": 0}, "missing_lines": [], "excluded_lines": []}, "CompetitionResult": {"executed_lines": [], "summary": {"covered_lines": 0, "num_statements": 0, "percent_covered": 100.0, "percent_covered_display": "100", "missing_lines": 0, "excluded_lines": 0}, "missing_lines": [], "excluded_lines": []}, "LLMClient": {"executed_lines": [74, 75, 76, 80, 82, 83, 85, 86, 88, 89, 91, 92, 93, 109, 110, 118, 127, 128], "summary": {"covered_lines": 18, "num_statements": 37, "percent_covered": 48.648648648648646, "percent_covered_display": "49", "missing_lines": 19, "excluded_lines": 0}, "missing_lines": [87, 94, 96, 97, 98, 99, 102, 111, 112, 113, 114, 132, 139, 140, 141, 145, 152, 153, 154], "excluded_lines": []}, "PaxosOrchestrator": {"executed_lines": [162, 163, 164, 165, 166, 169, 170, 174, 175, 177, 178, 180, 181, 182, 183, 184, 185, 186, 192, 201, 205, 208, 209, 210, 211, 214, 215, 216, 219, 220, 221, 224, 225, 226, 227, 228, 229, 230, 231, 233], "summary": {"covered_lines": 40, "num_statements": 148, "percent_covered": 27.027027027027028, "percent_covered_display": "27", "missing_lines": 108, "excluded_lines": 0}, "missing_lines": [187, 188, 190, 237, 238, 239, 241, 243, 245, 246, 247, 249, 252, 253, 254, 256, 257, 260, 261, 262, 263, 265, 266, 268, 270, 271, 273, 275, 285, 286, 287, 288, 290, 304, 305, 307, 309, 310, 317, 318, 321, 322, 336, 337, 340, 341, 351, 353, 354, 356, 358, 359, 361, 362, 366, 367, 372, 373, 378, 380, 381, 382, 383, 388, 389, 390, 392, 393, 394, 395, 397, 401, 402, 403, 405, 406, 407, 410, 411, 412, 413, 414, 415, 418, 419, 420, 421, 422, 423, 424, 425, 426, 427, 428, 429, 432, 433, 434, 435, 436, 438, 439, 440, 441, 443, 444, 445, 446], "excluded_lines": []}, "": {"executed_lines": [3, 13, 14, 15, 16, 17, 18, 19, 20, 21, 22, 23, 26, 27, 28, 32, 33, 35, 36, 38, 39, 41, 42, 45, 46, 47, 48, 49, 50, 51, 52, 53, 54, 57, 58, 59, 60, 61, 62, 63, 64, 65, 66, 67, 70, 71, 73, 78, 104, 116, 130, 143, 157, 158, 160, 172, 203, 235, 301, 375, 399, 449, 548], "summary": {"covered_lines": 58, "num_statements": 96, "percent_covered": 60.416666666666664, "percent_covered_display": "60", "missing_lines": 38, "excluded_lines": 0}, "missing_lines": [29, 30, 34, 40, 450, 454, 459, 464, 468, 473, 478, 484, 487, 488, 489, 491, 492, 493, 495, 496, 497, 498, 499, 502, 510, 511, 512, 513, 514, 515, 531, 533, 534, 535, 536, 539, 545, 549], "excluded_lines": []}}}, "paws_session.py": {"executed_lines": [3, 8, 9, 10, 11, 12, 13, 14, 15, 16, 17, 18, 19, 21, 22, 23, 24, 29, 30, 31, 32, 33, 34, 35, 40, 41, 42, 43, 44, 47, 48, 49, 50, 51, 52, 53, 54, 55, 56, 57, 60, 61, 62, 63, 64, 65, 66, 67, 68, 69, 70, 71, 73, 75, 87, 88, 90, 103, 104, 106, 107, 108, 109, 110, 112, 115, 116, 121, 123, 125, 126, 129, 130, 137, 139, 141, 143, 144, 146, 149, 150, 152, 154, 156, 157, 159, 160, 161, 163, 165, 166, 169, 170, 171, 174, 175, 177, 179, 184, 197, 199, 200, 201, 203, 205, 207, 209, 210, 211, 212, 213, 214, 216, 218, 222, 254, 282, 314, 316, 317, 320, 322, 323, 325, 326, 328, 329, 335, 365, 366, 368, 372, 389, 437, 475, 480, 493, 498, 512, 581], "summary": {"covered_lines": 135, "num_statements": 350, "percent_covered": 38.57142857142857, "percent_covered_display": "39", "missing_lines": 215, "excluded_lines": 0}, "missing_lines": [25, 26, 27, 36, 37, 113, 117, 118, 131, 132, 133, 134, 135, 147, 180, 181, 220, 224, 225, 226, 228, 229, 231, 238, 241, 242, 243, 244, 245, 246, 247, 248, 249, 251, 252, 256, 257, 258, 260, 261, 263, 264, 265, 266, 268, 269, 270, 273, 274, 276, 277, 278, 279, 280, 284, 285, 286, 288, 289, 291, 293, 296, 297, 301, 302, 305, 307, 308, 310, 311, 312, 318, 331, 332, 333, 337, 338, 339, 341, 343, 344, 347, 348, 349, 350, 351, 354, 355, 357, 358, 360, 361, 362, 369, 370, 374, 376, 377, 387, 391, 393, 394, 395, 397, 398, 399, 400, 401, 402, 403, 404, 406, 407, 408, 410, 417, 426, 429, 430, 431, 432, 433, 434, 435, 439, 440, 441, 442, 444, 446, 448, 449, 450, 451, 452, 454, 455, 456, 457, 458, 459, 460, 461, 463, 464, 466, 469, 470, 471, 472, 473, 477, 478, 482, 483, 484, 486, 487, 488, 490, 491, 495, 496, 500, 501, 502, 504, 505, 506, 508, 509, 513, 517, 520, 521, 522, 525, 526, 529, 530, 533, 534, 535, 538, 539, 540, 543, 544, 547, 548, 550, 552, 553, 554, 556, 557, 559, 560, 561, 562, 563, 564, 565, 566, 567, 568, 569, 570, 571, 572, 574, 576, 577, 578, 582], "excluded_lines": [], "functions": {"Session.to_dict": {"executed_lines": [75], "summary": {"covered_lines": 1, "num_statements": 1, "percent_covered": 100.0, "percent_covered_display": "100", "missing_lines": 0, "excluded_lines": 0}, "missing_lines": [], "excluded_lines": []}, "Session.from_dict": {"executed_lines": [90], "summary": {"covered_lines": 1, "num_statements": 1, "percent_covered": 100.0, "percent_covered_display": "100", "missing_lines": 0, "excluded_lines": 0}, "missing_lines": [], "excluded_lines": []}, "SessionManager.__init__": {"executed_lines": [107, 108, 109, 110, 112, 115, 116, 121], "summary": {"covered_lines": 8, "num_statements": 11, "percent_covered": 72.72727272727273, "percent_covered_display": "73", "missing_lines": 3, "excluded_lines": 0}, "missing_lines": [113, 117, 118], "excluded_lines": []}, "SessionManager._initialize_directories": {"executed_lines": [125, 126, 129, 130], "summary": {"covered_lines": 4, "num_statements": 9, "percent_covered": 44.44444444444444, "percent_covered_display": "44", "missing_lines": 5, "excluded_lines": 0}, "missing_lines": [131, 132, 133, 134, 135], "excluded_lines": []}, "SessionManager._get_session_path": {"executed_lines": [139], "summary": {"covered_lines": 1, "num_statements": 1, "percent_covered": 100.0, "percent_covered_display": "100", "missing_lines": 0, "excluded_lines": 0}, "missing_lines": [], "excluded_lines": []}, "SessionManager._load_session": {"executed_lines": [143, 144, 146, 149, 150, 152], "summary": {"covered_lines": 6, "num_statements": 7, "percent_covered": 85.71428571428571, "percent_covered_display": "86", "missing_lines": 1, "excluded_lines": 0}, "missing_lines": [147], "excluded_lines": []}, "SessionManager._save_session": {"executed_lines": [156, 157, 159, 160, 161], "summary": {"covered_lines": 5, "num_statements": 5, "percent_covered": 100.0, "percent_covered_display": "100", "missing_lines": 0, "excluded_lines": 0}, "missing_lines": [], "excluded_lines": []}, "SessionManager.create_session": {"executed_lines": [165, 166, 169, 170, 171, 174, 175, 177, 179, 184, 197, 199, 200, 201, 203], "summary": {"covered_lines": 15, "num_statements": 17, "percent_covered": 88.23529411764706, "percent_covered_display": "88", "missing_lines": 2, "excluded_lines": 0}, "missing_lines": [180, 181], "excluded_lines": []}, "SessionManager.list_sessions": {"executed_lines": [207, 209, 210, 211, 212, 213, 214, 216], "summary": {"covered_lines": 8, "num_statements": 8, "percent_covered": 100.0, "percent_covered_display": "100", "missing_lines": 0, "excluded_lines": 0}, "missing_lines": [], "excluded_lines": []}, "SessionManager.get_session": {"executed_lines": [], "summary": {"covered_lines": 0, "num_statements": 1, "percent_covered": 0.0, "percent_covered_display": "0", "missing_lines": 1, "excluded_lines": 0}, "missing_lines": [220], "excluded_lines": []}, "SessionManager.add_turn": {"executed_lines": [], "summary": {"covered_lines": 0, "num_statements": 18, "percent_covered": 0.0, "percent_covered_display": "0", "missing_lines": 18, "excluded_lines": 0}, "missing_lines": [224, 225, 226, 228, 229, 231, 238, 241, 242, 243, 244, 245, 246, 247, 248, 249, 251, 252], "excluded_lines": []}, "SessionManager.rewind_session": {"executed_lines": [], "summary": {"covered_lines": 0, "num_statements": 19, "percent_covered": 0.0, "percent_covered_display": "0", "missing_lines": 19, "excluded_lines": 0}, "missing_lines": [256, 257, 258, 260, 261, 263, 264, 265, 266, 268, 269, 270, 273, 274, 276, 277, 278, 279, 280], "excluded_lines": []}, "SessionManager.merge_session": {"executed_lines": [], "summary": {"covered_lines": 0, "num_statements": 17, "percent_covered": 0.0, "percent_covered_display": "0", "missing_lines": 17, "excluded_lines": 0}, "missing_lines": [284, 285, 286, 288, 289, 291, 293, 296, 297, 301, 302, 305, 307, 308, 310, 311, 312], "excluded_lines": []}, "SessionManager.archive_session": {"executed_lines": [316, 317, 320, 322, 323, 325, 326, 328, 329], "summary": {"covered_lines": 9, "num_statements": 13, "percent_covered": 69.23076923076923, "percent_covered_display": "69", "missing_lines": 4, "excluded_lines": 0}, "missing_lines": [318, 331, 332, 333], "excluded_lines": []}, "SessionManager.delete_session": {"executed_lines": [], "summary": {"covered_lines": 0, "num_statements": 18, "percent_covered": 0.0, "percent_covered_display": "0", "missing_lines": 18, "excluded_lines": 0}, "missing_lines": [337, 338, 339, 341, 343, 344, 347, 348, 349, 350, 351, 354, 355, 357, 358, 360, 361, 362], "excluded_lines": []}, "SessionCLI.__init__": {"executed_lines": [], "summary": {"covered_lines": 0, "num_statements": 2, "percent_covered": 0.0, "percent_covered_display": "0", "missing_lines": 2, "excluded_lines": 0}, "missing_lines": [369, 370], "excluded_lines": []}, "SessionCLI.start_session": {"executed_lines": [], "summary": {"covered_lines": 0, "num_statements": 4, "percent_covered": 0.0, "percent_covered_display": "0", "missing_lines": 4, "excluded_lines": 0}, "missing_lines": [374, 376, 377, 387], "excluded_lines": []}, "SessionCLI.list_sessions": {"executed_lines": [], "summary": {"covered_lines": 0, "num_statements": 25, "percent_covered": 0.0, "percent_covered_display": "0", "missing_lines": 25, "excluded_lines": 0}, "missing_lines": [391, 393, 394, 395, 397, 398, 399, 400, 401, 402, 403, 404, 406, 407, 408, 410, 417, 426, 429, 430, 431, 432, 433, 434, 435], "excluded_lines": []}, "SessionCLI.show_session": {"executed_lines": [], "summary": {"covered_lines": 0, "num_statements": 27, "percent_covered": 0.0, "percent_covered_display": "0", "missing_lines": 27, "excluded_lines": 0}, "missing_lines": [439, 440, 441, 442, 444, 446, 448, 449, 450, 451, 452, 454, 455, 456, 457, 458, 459, 460, 461, 463, 464, 466, 469, 470, 471, 472, 473], "excluded_lines": []}, "SessionCLI.rewind_session": {"executed_lines": [], "summary": {"covered_lines": 0, "num_statements": 2, "percent_covered": 0.0, "percent_covered_display": "0", "missing_lines": 2, "excluded_lines": 0}, "missing_lines": [477, 478], "excluded_lines": []}, "SessionCLI.merge_session": {"executed_lines": [], "summary": {"covered_lines": 0, "num_statements": 8, "percent_covered": 0.0, "percent_covered_display": "0", "missing_lines": 8, "excluded_lines": 0}, "missing_lines": [482, 483, 484, 486, 487, 488, 490, 491], "excluded_lines": []}, "SessionCLI.archive_session": {"executed_lines": [], "summary": {"covered_lines": 0, "num_statements": 2, "percent_covered": 0.0, "percent_covered_display": "0", "missing_lines": 2, "excluded_lines": 0}, "missing_lines": [495, 496], "excluded_lines": []}, "SessionCLI.delete_session": {"executed_lines": [], "summary": {"covered_lines": 0, "num_statements": 8, "percent_covered": 0.0, "percent_covered_display": "0", "missing_lines": 8, "excluded_lines": 0}, "missing_lines": [500, 501, 502, 504, 505, 506, 508, 509], "excluded_lines": []}, "main": {"executed_lines": [], "summary": {"covered_lines": 0, "num_statements": 43, "percent_covered": 0.0, "percent_covered_display": "0", "missing_lines": 43, "excluded_lines": 0}, "missing_lines": [513, 517, 520, 521, 522, 525, 526, 529, 530, 533, 534, 535, 538, 539, 540, 543, 544, 547, 548, 550, 552, 553, 554, 556, 557, 559, 560, 561, 562, 563, 564, 565, 566, 567, 568, 569, 570, 571, 572, 574, 576, 577, 578], "excluded_lines": []}, "": {"executed_lines": [3, 8, 9, 10, 11, 12, 13, 14, 15, 16, 17, 18, 19, 21, 22, 23, 24, 29, 30, 31, 32, 33, 34, 35, 40, 41, 42, 43, 44, 47, 48, 49, 50, 51, 52, 53, 54, 55, 56, 57, 60, 61, 62, 63, 64, 65, 66, 67, 68, 69, 70, 71, 73, 87, 88, 103, 104, 106, 123, 137, 141, 154, 163, 205, 218, 222, 254, 282, 314, 335, 365, 366, 368, 372, 389, 437, 475, 480, 493, 498, 512, 581], "summary": {"covered_lines": 77, "num_statements": 83, "percent_covered": 92.7710843373494, "percent_covered_display": "93", "missing_lines": 6, "excluded_lines": 0}, "missing_lines": [25, 26, 27, 36, 37, 582], "excluded_lines": []}}, "classes": {"SessionStatus": {"executed_lines": [], "summary": {"covered_lines": 0, "num_statements": 0, "percent_covered": 100.0, "percent_covered_display": "100", "missing_lines": 0, "excluded_lines": 0}, "missing_lines": [], "excluded_lines": []}, "SessionTurn": {"executed_lines": [], "summary": {"covered_lines": 0, "num_statements": 0, "percent_covered": 100.0, "percent_covered_display": "100", "missing_lines": 0, "excluded_lines": 0}, "missing_lines": [], "excluded_lines": []}, "Session": {"executed_lines": [75, 90], "summary": {"covered_lines": 2, "num_statements": 2, "percent_covered": 100.0, "percent_covered_display": "100", "missing_lines": 0, "excluded_lines": 0}, "missing_lines": [], "excluded_lines": []}, "SessionManager": {"executed_lines": [107, 108, 109, 110, 112, 115, 116, 121, 125, 126, 129, 130, 139, 143, 144, 146, 149, 150, 152, 156, 157, 159, 160, 161, 165, 166, 169, 170, 171, 174, 175, 177, 179, 184, 197, 199, 200, 201, 203, 207, 209, 210, 211, 212, 213, 214, 216, 316, 317, 320, 322, 323, 325, 326, 328, 329], "summary": {"covered_lines": 56, "num_statements": 144, "percent_covered": 38.888888888888886, "percent_covered_display": "39", "missing_lines": 88, "excluded_lines": 0}, "missing_lines": [113, 117, 118, 131, 132, 133, 134, 135, 147, 180, 181, 220, 224, 225, 226, 228, 229, 231, 238, 241, 242, 243, 244, 245, 246, 247, 248, 249, 251, 252, 256, 257, 258, 260, 261, 263, 264, 265, 266, 268, 269, 270, 273, 274, 276, 277, 278, 279, 280, 284, 285, 286, 288, 289, 291, 293, 296, 297, 301, 302, 305, 307, 308, 310, 311, 312, 318, 331, 332, 333, 337, 338, 339, 341, 343, 344, 347, 348, 349, 350, 351, 354, 355, 357, 358, 360, 361, 362], "excluded_lines": []}, "SessionCLI": {"executed_lines": [], "summary": {"covered_lines": 0, "num_statements": 78, "percent_covered": 0.0, "percent_covered_display": "0", "missing_lines": 78, "excluded_lines": 0}, "missing_lines": [369, 370, 374, 376, 377, 387, 391, 393, 394, 395, 397, 398, 399, 400, 401, 402, 403, 404, 406, 407, 408, 410, 417, 426, 429, 430, 431, 432, 433, 434, 435, 439, 440, 441, 442, 444, 446, 448, 449, 450, 451, 452, 454, 455, 456, 457, 458, 459, 460, 461, 463, 464, 466, 469, 470, 471, 472, 473, 477, 478, 482, 483, 484, 486, 487, 488, 490, 491, 495, 496, 500, 501, 502, 504, 505, 506, 508, 509], "excluded_lines": []}, "": {"executed_lines": [3, 8, 9, 10, 11, 12, 13, 14, 15, 16, 17, 18, 19, 21, 22, 23, 24, 29, 30, 31, 32, 33, 34, 35, 40, 41, 42, 43, 44, 47, 48, 49, 50, 51, 52, 53, 54, 55, 56, 57, 60, 61, 62, 63, 64, 65, 66, 67, 68, 69, 70, 71, 73, 87, 88, 103, 104, 106, 123, 137, 141, 154, 163, 205, 218, 222, 254, 282, 314, 335, 365, 366, 368, 372, 389, 437, 475, 480, 493, 498, 512, 581], "summary": {"covered_lines": 77, "num_statements": 126, "percent_covered": 61.111111111111114, "percent_covered_display": "61", "missing_lines": 49, "excluded_lines": 0}, "missing_lines": [25, 26, 27, 36, 37, 513, 517, 520, 521, 522, 525, 526, 529, 530, 533, 534, 535, 538, 539, 540, 543, 544, 547, 548, 550, 552, 553, 554, 556, 557, 559, 560, 561, 562, 563, 564, 565, 566, 567, 568, 569, 570, 571, 572, 574, 576, 577, 578, 582], "excluded_lines": []}}}, "paws_swarm.py": {"executed_lines": [3, 13, 14, 15, 16, 17, 18, 19, 20, 24, 27, 28, 29, 30, 31, 32, 35, 36, 37, 38, 39, 40, 41, 43, 44, 46, 47, 48, 51, 52, 53, 54, 55, 56, 57, 58, 61, 62, 63, 64, 65, 66, 67, 68, 69, 72, 73, 75, 76, 77, 78, 79, 82, 83, 85, 86, 87, 89, 91, 93, 95, 97, 101, 102, 104, 105, 107, 177, 219, 255, 293, 327, 366, 413, 481], "summary": {"covered_lines": 69, "num_statements": 192, "percent_covered": 35.9375, "percent_covered_display": "36", "missing_lines": 123, "excluded_lines": 0}, "missing_lines": [114, 116, 136, 137, 140, 142, 143, 144, 145, 146, 148, 160, 161, 162, 164, 165, 167, 168, 171, 184, 185, 187, 188, 190, 191, 192, 194, 195, 198, 201, 202, 203, 205, 208, 210, 211, 212, 215, 217, 221, 223, 241, 244, 252, 253, 257, 259, 279, 282, 290, 291, 296, 298, 313, 316, 324, 325, 331, 332, 334, 335, 337, 339, 341, 346, 360, 361, 362, 364, 373, 374, 375, 376, 379, 382, 383, 385, 387, 388, 392, 394, 395, 396, 397, 400, 403, 404, 405, 407, 408, 410, 414, 418, 419, 420, 421, 422, 424, 427, 428, 431, 434, 435, 436, 439, 442, 443, 445, 446, 447, 448, 450, 452, 465, 466, 468, 469, 470, 473, 475, 476, 478, 482], "excluded_lines": [], "functions": {"SwarmAgent.client": {"executed_lines": [46, 47, 48], "summary": {"covered_lines": 3, "num_statements": 3, "percent_covered": 100.0, "percent_covered_display": "100", "missing_lines": 0, "excluded_lines": 0}, "missing_lines": [], "excluded_lines": []}, "SwarmOrchestrator.__init__": {"executed_lines": [76, 77, 78, 79, 82, 83, 85, 86, 87], "summary": {"covered_lines": 9, "num_statements": 9, "percent_covered": 100.0, "percent_covered_display": "100", "missing_lines": 0, "excluded_lines": 0}, "missing_lines": [], "excluded_lines": []}, "SwarmOrchestrator.add_agent": {"executed_lines": [91], "summary": {"covered_lines": 1, "num_statements": 1, "percent_covered": 100.0, "percent_covered_display": "100", "missing_lines": 0, "excluded_lines": 0}, "missing_lines": [], "excluded_lines": []}, "SwarmOrchestrator.get_agents_by_role": {"executed_lines": [95], "summary": {"covered_lines": 1, "num_statements": 1, "percent_covered": 100.0, "percent_covered_display": "100", "missing_lines": 0, "excluded_lines": 0}, "missing_lines": [], "excluded_lines": []}, "SwarmOrchestrator.decompose_task": {"executed_lines": [101, 102, 104, 105, 107], "summary": {"covered_lines": 5, "num_statements": 24, "percent_covered": 20.833333333333332, "percent_covered_display": "21", "missing_lines": 19, "excluded_lines": 0}, "missing_lines": [114, 116, 136, 137, 140, 142, 143, 144, 145, 146, 148, 160, 161, 162, 164, 165, 167, 168, 171], "excluded_lines": []}, "SwarmOrchestrator.solve_subtask_collaboratively": {"executed_lines": [], "summary": {"covered_lines": 0, "num_statements": 20, "percent_covered": 0.0, "percent_covered_display": "0", "missing_lines": 20, "excluded_lines": 0}, "missing_lines": [184, 185, 187, 188, 190, 191, 192, 194, 195, 198, 201, 202, 203, 205, 208, 210, 211, 212, 215, 217], "excluded_lines": []}, "SwarmOrchestrator._generate_initial_solution": {"executed_lines": [], "summary": {"covered_lines": 0, "num_statements": 6, "percent_covered": 0.0, "percent_covered_display": "0", "missing_lines": 6, "excluded_lines": 0}, "missing_lines": [221, 223, 241, 244, 252, 253], "excluded_lines": []}, "SwarmOrchestrator._generate_critique": {"executed_lines": [], "summary": {"covered_lines": 0, "num_statements": 6, "percent_covered": 0.0, "percent_covered_display": "0", "missing_lines": 6, "excluded_lines": 0}, "missing_lines": [257, 259, 279, 282, 290, 291], "excluded_lines": []}, "SwarmOrchestrator._revise_solution": {"executed_lines": [], "summary": {"covered_lines": 0, "num_statements": 6, "percent_covered": 0.0, "percent_covered_display": "0", "missing_lines": 6, "excluded_lines": 0}, "missing_lines": [296, 298, 313, 316, 324, 325], "excluded_lines": []}, "SwarmOrchestrator.merge_solutions": {"executed_lines": [], "summary": {"covered_lines": 0, "num_statements": 12, "percent_covered": 0.0, "percent_covered_display": "0", "missing_lines": 12, "excluded_lines": 0}, "missing_lines": [331, 332, 334, 335, 337, 339, 341, 346, 360, 361, 362, 364], "excluded_lines": []}, "SwarmOrchestrator.run_swarm": {"executed_lines": [], "summary": {"covered_lines": 0, "num_statements": 22, "percent_covered": 0.0, "percent_covered_display": "0", "missing_lines": 22, "excluded_lines": 0}, "missing_lines": [373, 374, 375, 376, 379, 382, 383, 385, 387, 388, 392, 394, 395, 396, 397, 400, 403, 404, 405, 407, 408, 410], "excluded_lines": []}, "main": {"executed_lines": [], "summary": {"covered_lines": 0, "num_statements": 31, "percent_covered": 0.0, "percent_covered_display": "0", "missing_lines": 31, "excluded_lines": 0}, "missing_lines": [414, 418, 419, 420, 421, 422, 424, 427, 428, 431, 434, 435, 436, 439, 442, 443, 445, 446, 447, 448, 450, 452, 465, 466, 468, 469, 470, 473, 475, 476, 478], "excluded_lines": []}, "": {"executed_lines": [3, 13, 14, 15, 16, 17, 18, 19, 20, 24, 27, 28, 29, 30, 31, 32, 35, 36, 37, 38, 39, 40, 41, 43, 44, 51, 52, 53, 54, 55, 56, 57, 58, 61, 62, 63, 64, 65, 66, 67, 68, 69, 72, 73, 75, 89, 93, 97, 177, 219, 255, 293, 327, 366, 413, 481], "summary": {"covered_lines": 50, "num_statements": 51, "percent_covered": 98.03921568627452, "percent_covered_display": "98", "missing_lines": 1, "excluded_lines": 0}, "missing_lines": [482], "excluded_lines": []}}, "classes": {"AgentRole": {"executed_lines": [], "summary": {"covered_lines": 0, "num_statements": 0, "percent_covered": 100.0, "percent_covered_display": "100", "missing_lines": 0, "excluded_lines": 0}, "missing_lines": [], "excluded_lines": []}, "SwarmAgent": {"executed_lines": [46, 47, 48], "summary": {"covered_lines": 3, "num_statements": 3, "percent_covered": 100.0, "percent_covered_display": "100", "missing_lines": 0, "excluded_lines": 0}, "missing_lines": [], "excluded_lines": []}, "SwarmMessage": {"executed_lines": [], "summary": {"covered_lines": 0, "num_statements": 0, "percent_covered": 100.0, "percent_covered_display": "100", "missing_lines": 0, "excluded_lines": 0}, "missing_lines": [], "excluded_lines": []}, "TaskDecomposition": {"executed_lines": [], "summary": {"covered_lines": 0, "num_statements": 0, "percent_covered": 100.0, "percent_covered_display": "100", "missing_lines": 0, "excluded_lines": 0}, "missing_lines": [], "excluded_lines": []}, "SwarmOrchestrator": {"executed_lines": [76, 77, 78, 79, 82, 83, 85, 86, 87, 91, 95, 101, 102, 104, 105, 107], "summary": {"covered_lines": 16, "num_statements": 107, "percent_covered": 14.953271028037383, "percent_covered_display": "15", "missing_lines": 91, "excluded_lines": 0}, "missing_lines": [114, 116, 136, 137, 140, 142, 143, 144, 145, 146, 148, 160, 161, 162, 164, 165, 167, 168, 171, 184, 185, 187, 188, 190, 191, 192, 194, 195, 198, 201, 202, 203, 205, 208, 210, 211, 212, 215, 217, 221, 223, 241, 244, 252, 253, 257, 259, 279, 282, 290, 291, 296, 298, 313, 316, 324, 325, 331, 332, 334, 335, 337, 339, 341, 346, 360, 361, 362, 364, 373, 374, 375, 376, 379, 382, 383, 385, 387, 388, 392, 394, 395, 396, 397, 400, 403, 404, 405, 407, 408, 410], "excluded_lines": []}, "": {"executed_lines": [3, 13, 14, 15, 16, 17, 18, 19, 20, 24, 27, 28, 29, 30, 31, 32, 35, 36, 37, 38, 39, 40, 41, 43, 44, 51, 52, 53, 54, 55, 56, 57, 58, 61, 62, 63, 64, 65, 66, 67, 68, 69, 72, 73, 75, 89, 93, 97, 177, 219, 255, 293, 327, 366, 413, 481], "summary": {"covered_lines": 50, "num_statements": 82, "percent_covered": 60.97560975609756, "percent_covered_display": "61", "missing_lines": 32, "excluded_lines": 0}, "missing_lines": [414, 418, 419, 420, 421, 422, 424, 427, 428, 431, 434, 435, 436, 439, 442, 443, 445, 446, 447, 448, 450, 452, 465, 466, 468, 469, 470, 473, 475, 476, 478, 482], "excluded_lines": []}}}, "tests/test_cats_ai_curation.py": {"executed_lines": [3, 8, 9, 10, 11, 12, 13, 14, 15, 18, 20, 21, 26, 27, 29, 31, 36, 37, 38, 40, 42, 46, 47, 49, 51, 52, 53, 55, 56, 58, 60, 61, 62, 64, 66, 67, 68, 69, 71, 72, 73, 75, 77, 78, 79, 81, 83, 84, 86, 89, 90, 92, 94, 97, 98, 99, 101, 102, 104, 105, 108, 111, 112, 114, 116, 118, 120, 121, 122, 124, 126, 128, 129, 130, 132, 134, 136, 137, 139, 141, 143, 144, 146, 148, 15
[...]
lines": 0}, "missing_lines": [280, 281, 283, 284, 285, 287, 288, 289], "excluded_lines": []}, "TestSessionManager.test_add_turn_creates_commit": {"executed_lines": [], "summary": {"covered_lines": 0, "num_statements": 6, "percent_covered": 0.0, "percent_covered_display": "0", "missing_lines": 6, "excluded_lines": 0}, "missing_lines": [293, 294, 297, 298, 300, 303], "excluded_lines": []}, "TestSessionManager.test_rewind_session": {"executed_lines": [], "summary": {"covered_lines": 0, "num_statements": 13, "percent_covered": 0.0, "percent_covered_display": "0", "missing_lines": 13, "excluded_lines": 0}, "missing_lines": [307, 308, 311, 313, 314, 316, 317, 320, 321, 324, 325, 328, 329], "excluded_lines": []}, "TestSessionManager.test_rewind_to_invalid_turn": {"executed_lines": [], "summary": {"covered_lines": 0, "num_statements": 4, "percent_covered": 0.0, "percent_covered_display": "0", "missing_lines": 4, "excluded_lines": 0}, "missing_lines": [333, 334, 336, 337], "excluded_lines": []}, "TestSessionManager.test_archive_session": {"executed_lines": [], "summary": {"covered_lines": 0, "num_statements": 8, "percent_covered": 0.0, "percent_covered_display": "0", "missing_lines": 8, "excluded_lines": 0}, "missing_lines": [341, 342, 344, 345, 348, 349, 352, 353], "excluded_lines": []}, "TestSessionManager.test_delete_session": {"executed_lines": [], "summary": {"covered_lines": 0, "num_statements": 9, "percent_covered": 0.0, "percent_covered_display": "0", "missing_lines": 9, "excluded_lines": 0}, "missing_lines": [357, 358, 359, 361, 362, 365, 366, 369, 370], "excluded_lines": []}, "TestSessionManager.test_merge_session": {"executed_lines": [], "summary": {"covered_lines": 0, "num_statements": 10, "percent_covered": 0.0, "percent_covered_display": "0", "missing_lines": 10, "excluded_lines": 0}, "missing_lines": [374, 375, 378, 379, 380, 383, 384, 387, 388, 391], "excluded_lines": []}, "TestSessionManager.test_session_persistence": {"executed_lines": [], "summary": {"covered_lines": 0, "num_statements": 7, "percent_covered": 0.0, "percent_covered_display": "0", "missing_lines": 7, "excluded_lines": 0}, "missing_lines": [395, 396, 397, 400, 401, 403, 404], "excluded_lines": []}, "TestSessionCLI.setUp": {"executed_lines": [414, 415, 416, 419, 420, 421, 422], "summary": {"covered_lines": 7, "num_statements": 8, "percent_covered": 87.5, "percent_covered_display": "88", "missing_lines": 1, "excluded_lines": 0}, "missing_lines": [423], "excluded_lines": []}, "TestSessionCLI.tearDown": {"executed_lines": [], "summary": {"covered_lines": 0, "num_statements": 2, "percent_covered": 0.0, "percent_covered_display": "0", "missing_lines": 2, "excluded_lines": 0}, "missing_lines": [427, 428], "excluded_lines": []}, "TestSessionCLI.test_cli_start_session": {"executed_lines": [], "summary": {"covered_lines": 0, "num_statements": 6, "percent_covered": 0.0, "percent_covered_display": "0", "missing_lines": 6, "excluded_lines": 0}, "missing_lines": [432, 434, 435, 438, 439, 440], "excluded_lines": []}, "TestSessionCLI.test_cli_list_sessions": {"executed_lines": [], "summary": {"covered_lines": 0, "num_statements": 5, "percent_covered": 0.0, "percent_covered_display": "0", "missing_lines": 5, "excluded_lines": 0}, "missing_lines": [444, 445, 446, 448, 449], "excluded_lines": []}, "TestSessionCLI.test_cli_show_session": {"executed_lines": [], "summary": {"covered_lines": 0, "num_statements": 4, "percent_covered": 0.0, "percent_covered_display": "0", "missing_lines": 4, "excluded_lines": 0}, "missing_lines": [453, 454, 456, 457], "excluded_lines": []}, "TestSessionEdgeCases.setUp": {"executed_lines": [467, 468, 469, 471, 472, 473, 474], "summary": {"covered_lines": 7, "num_statements": 8, "percent_covered": 87.5, "percent_covered_display": "88", "missing_lines": 1, "excluded_lines": 0}, "missing_lines": [475], "excluded_lines": []}, "TestSessionEdgeCases.tearDown": {"executed_lines": [], "summary": {"covered_lines": 0, "num_statements": 2, "percent_covered": 0.0, "percent_covered_display": "0", "missing_lines": 2, "excluded_lines": 0}, "missing_lines": [479, 480], "excluded_lines": []}, "TestSessionEdgeCases.test_session_with_special_characters_in_name": {"executed_lines": [], "summary": {"covered_lines": 0, "num_statements": 5, "percent_covered": 0.0, "percent_covered_display": "0", "missing_lines": 5, "excluded_lines": 0}, "missing_lines": [484, 485, 487, 490, 491], "excluded_lines": []}, "TestSessionEdgeCases.test_session_with_very_long_name": {"executed_lines": [], "summary": {"covered_lines": 0, "num_statements": 4, "percent_covered": 0.0, "percent_covered_display": "0", "missing_lines": 4, "excluded_lines": 0}, "missing_lines": [495, 496, 497, 499], "excluded_lines": []}, "TestSessionEdgeCases.test_add_turn_with_empty_command": {"executed_lines": [], "summary": {"covered_lines": 0, "num_statements": 4, "percent_covered": 0.0, "percent_covered_display": "0", "missing_lines": 4, "excluded_lines": 0}, "missing_lines": [503, 504, 506, 507], "excluded_lines": []}, "TestSessionEdgeCases.test_add_turn_to_nonexistent_session": {"executed_lines": [], "summary": {"covered_lines": 0, "num_statements": 3, "percent_covered": 0.0, "percent_covered_display": "0", "missing_lines": 3, "excluded_lines": 0}, "missing_lines": [511, 513, 514], "excluded_lines": []}, "TestSessionEdgeCases.test_rewind_session_without_commits": {"executed_lines": [], "summary": {"covered_lines": 0, "num_statements": 6, "percent_covered": 0.0, "percent_covered_display": "0", "missing_lines": 6, "excluded_lines": 0}, "missing_lines": [518, 519, 523, 529, 532, 533], "excluded_lines": []}, "TestSessionEdgeCases.test_concurrent_session_operations": {"executed_lines": [], "summary": {"covered_lines": 0, "num_statements": 13, "percent_covered": 0.0, "percent_covered_display": "0", "missing_lines": 13, "excluded_lines": 0}, "missing_lines": [537, 539, 540, 543, 544, 546, 547, 549, 550, 553, 554, 555, 556], "excluded_lines": []}, "TestSessionEdgeCases.test_session_metadata_persistence": {"executed_lines": [], "summary": {"covered_lines": 0, "num_statements": 8, "percent_covered": 0.0, "percent_covered_display": "0", "missing_lines": 8, "excluded_lines": 0}, "missing_lines": [560, 563, 564, 565, 566, 569, 570, 571], "excluded_lines": []}, "": {"executed_lines": [3, 8, 9, 10, 11, 12, 13, 14, 15, 18, 20, 21, 22, 23, 27, 28, 29, 34, 35, 36, 37, 39, 50, 67, 68, 69, 70, 72, 89, 108, 126, 155, 156, 157, 158, 160, 175, 180, 187, 201, 211, 227, 244, 254, 260, 278, 291, 305, 331, 339, 355, 372, 393, 407, 408, 409, 410, 412, 425, 430, 442, 451, 460, 461, 462, 463, 465, 477, 482, 493, 501, 509, 516, 535, 558, 574], "summary": {"covered_lines": 70, "num_statements": 73, "percent_covered": 95.89041095890411, "percent_covered_display": "96", "missing_lines": 3, "excluded_lines": 0}, "missing_lines": [24, 25, 576], "excluded_lines": []}}, "classes": {"TestSessionTurn": {"executed_lines": [41, 46, 47, 48, 52, 62, 63, 64], "summary": {"covered_lines": 8, "num_statements": 8, "percent_covered": 100.0, "percent_covered_display": "100", "missing_lines": 0, "excluded_lines": 0}, "missing_lines": [], "excluded_lines": []}, "TestSession": {"executed_lines": [74, 85, 86, 87, 91, 102, 104, 105, 106, 110, 121, 123, 124, 128, 134, 147, 148, 150, 151, 152], "summary": {"covered_lines": 20, "num_statements": 20, "percent_covered": 100.0, "percent_covered_display": "100", "missing_lines": 0, "excluded_lines": 0}, "missing_lines": [], "excluded_lines": []}, "TestSessionManager": {"executed_lines": [162, 163, 164, 167, 170, 171, 172], "summary": {"covered_lines": 7, "num_statements": 123, "percent_covered": 5.691056910569106, "percent_covered_display": "6", "missing_lines": 116, "excluded_lines": 0}, "missing_lines": [173, 177, 178, 182, 184, 185, 189, 190, 192, 193, 194, 197, 198, 199, 203, 206, 208, 209, 213, 216, 217, 219, 220, 223, 224, 225, 229, 231, 232, 235, 237, 238, 239, 241, 242, 246, 247, 249, 250, 251, 252, 256, 257, 258, 262, 263, 265, 271, 272, 275, 276, 280, 281, 283, 284, 285, 287, 288, 289, 293, 294, 297, 298, 300, 303, 307, 308, 311, 313, 314, 316, 317, 320, 321, 324, 325, 328, 329, 333, 334, 336, 337, 341, 342, 344, 345, 348, 349, 352, 353, 357, 358, 359, 361, 362, 365, 366, 369, 370, 374, 375, 378, 379, 380, 383, 384, 387, 388, 391, 395, 396, 397, 400, 401, 403, 404], "excluded_lines": []}, "TestSessionCLI": {"executed_lines": [414, 415, 416, 419, 420, 421, 422], "summary": {"covered_lines": 7, "num_statements": 25, "percent_covered": 28.0, "percent_covered_display": "28", "missing_lines": 18, "excluded_lines": 0}, "missing_lines": [423, 427, 428, 432, 434, 435, 438, 439, 440, 444, 445, 446, 448, 449, 453, 454, 456, 457], "excluded_lines": []}, "TestSessionEdgeCases": {"executed_lines": [467, 468, 469, 471, 472, 473, 474], "summary": {"covered_lines": 7, "num_statements": 53, "percent_covered": 13.20754716981132, "percent_covered_display": "13", "missing_lines": 46, "excluded_lines": 0}, "missing_lines": [475, 479, 480, 484, 485, 487, 490, 491, 495, 496, 497, 499, 503, 504, 506, 507, 511, 513, 514, 518, 519, 523, 529, 532, 533, 537, 539, 540, 543, 544, 546, 547, 549, 550, 553, 554, 555, 556, 560, 563, 564, 565, 566, 569, 570, 571], "excluded_lines": []}, "": {"executed_lines": [3, 8, 9, 10, 11, 12, 13, 14, 15, 18, 20, 21, 22, 23, 27, 28, 29, 34, 35, 36, 37, 39, 50, 67, 68, 69, 70, 72, 89, 108, 126, 155, 156, 157, 158, 160, 175, 180, 187, 201, 211, 227, 244, 254, 260, 278, 291, 305, 331, 339, 355, 372, 393, 407, 408, 409, 410, 412, 425, 430, 442, 451, 460, 461, 462, 463, 465, 477, 482, 493, 501, 509, 516, 535, 558, 574], "summary": {"covered_lines": 70, "num_statements": 73, "percent_covered": 95.89041095890411, "percent_covered_display": "96", "missing_lines": 3, "excluded_lines": 0}, "missing_lines": [24, 25, 576], "excluded_lines": []}}}, "tests/test_paws_swarm.py": {"executed_lines": [3, 7, 8, 9, 10, 11, 12, 13, 16, 18, 25, 28, 29, 31, 33, 34, 35, 36, 38, 40, 41, 42, 43, 46, 47, 49, 51, 55, 60, 61, 62, 64, 66, 71, 78, 82, 85, 86, 88, 90, 97, 98, 99, 100, 102, 104, 111, 114, 115, 117, 119, 123, 124, 125, 126, 128, 130, 134, 139, 145, 146, 148, 150, 156, 157, 160, 161, 163, 165, 168, 169, 171, 172, 178, 180, 181, 183, 185, 187, 189, 191, 193, 194, 196, 197, 198, 200, 202, 203, 204, 206, 207, 208, 210, 211, 212, 214, 215, 217, 218, 219, 221, 224, 225, 226, 229, 230, 231, 232, 234, 236, 237, 238, 240, 242, 243, 244, 245, 246, 247, 250, 251, 253, 255, 256, 259, 260, 263, 264, 271, 272, 273, 275, 276, 277, 280, 281, 282, 283, 285, 287, 290, 299, 308, 316, 317, 318, 319, 322, 337], "summary": {"covered_lines": 143, "num_statements": 154, "percent_covered": 92.85714285714286, "percent_covered_display": "93", "missing_lines": 11, "excluded_lines": 0}, "missing_lines": [324, 325, 327, 328, 329, 330, 331, 332, 334, 338, 339], "excluded_lines": [], "functions": {"TestAgentRole.test_all_roles_exist": {"executed_lines": [33, 34, 35, 36], "summary": {"covered_lines": 4, "num_statements": 4, "percent_covered": 100.0, "percent_covered_display": "100", "missing_lines": 0, "excluded_lines": 0}, "missing_lines": [], "excluded_lines": []}, "TestAgentRole.test_role_values": {"executed_lines": [40, 41, 42, 43], "summary": {"covered_lines": 4, "num_statements": 4, "percent_covered": 100.0, "percent_covered_display": "100", "missing_lines": 0, "excluded_lines": 0}, "missing_lines": [], "excluded_lines": []}, "TestSwarmAgent.test_create_agent": {"executed_lines": [51, 55, 60, 61, 62], "summary": {"covered_lines": 5, "num_statements": 5, "percent_covered": 100.0, "percent_covered_display": "100", "missing_lines": 0, "excluded_lines": 0}, "missing_lines": [], "excluded_lines": []}, "TestSwarmAgent.test_lazy_client_loading": {"executed_lines": [66, 71, 78, 82], "summary": {"covered_lines": 4, "num_statements": 4, "percent_covered": 100.0, "percent_covered_display": "100", "missing_lines": 0, "excluded_lines": 0}, "missing_lines": [], "excluded_lines": []}, "TestSwarmMessage.test_create_message": {"executed_lines": [90, 97, 98, 99, 100], "summary": {"covered_lines": 5, "num_statements": 5, "percent_covered": 100.0, "percent_covered_display": "100", "missing_lines": 0, "excluded_lines": 0}, "missing_lines": [], "excluded_lines": []}, "TestSwarmMessage.test_broadcast_message": {"executed_lines": [104, 111], "summary": {"covered_lines": 2, "num_statements": 2, "percent_covered": 100.0, "percent_covered_display": "100", "missing_lines": 0, "excluded_lines": 0}, "missing_lines": [], "excluded_lines": []}, "TestTaskDecomposition.test_create_simple_task": {"executed_lines": [119, 123, 124, 125, 126], "summary": {"covered_lines": 5, "num_statements": 5, "percent_covered": 100.0, "percent_covered_display": "100", "missing_lines": 0, "excluded_lines": 0}, "missing_lines": [], "excluded_lines": []}, "TestTaskDecomposition.test_create_hierarchical_task": {"executed_lines": [130, 134, 139, 145, 146], "summary": {"covered_lines": 5, "num_statements": 5, "percent_covered": 100.0, "percent_covered_display": "100", "missing_lines": 0, "excluded_lines": 0}, "missing_lines": [], "excluded_lines": []}, "TestTaskDecomposition.test_task_assignment": {"executed_lines": [150, 156, 157], "summary": {"covered_lines": 3, "num_statements": 3, "percent_covered": 100.0, "percent_covered_display": "100", "missing_lines": 0, "excluded_lines": 0}, "missing_lines": [], "excluded_lines": []}, "TestSwarmOrchestrator.setUp": {"executed_lines": [165, 168, 169, 171, 172], "summary": {"covered_lines": 5, "num_statements": 5, "percent_covered": 100.0, "percent_covered_display": "100", "missing_lines": 0, "excluded_lines": 0}, "missing_lines": [], "excluded_lines": []}, "TestSwarmOrchestrator.tearDown": {"executed_lines": [180, 181], "summary": {"covered_lines": 2, "num_statements": 2, "percent_covered": 100.0, "percent_covered_display": "100", "missing_lines": 0, "excluded_lines": 0}, "missing_lines": [], "excluded_lines": []}, "TestSwarmOrchestrator.test_init_creates_output_dir": {"executed_lines": [185], "summary": {"covered_lines": 1, "num_statements": 1, "percent_covered": 100.0, "percent_covered_display": "100", "missing_lines": 0, "excluded_lines": 0}, "missing_lines": [], "excluded_lines": []}, "TestSwarmOrchestrator.test_init_loads_context": {"executed_lines": [189], "summary": {"covered_lines": 1, "num_statements": 1, "percent_covered": 100.0, "percent_covered_display": "100", "missing_lines": 0, "excluded_lines": 0}, "missing_lines": [], "excluded_lines": []}, "TestSwarmOrchestrator.test_add_agent": {"executed_lines": [193, 194, 196, 197, 198], "summary": {"covered_lines": 5, "num_statements": 5, "percent_covered": 100.0, "percent_covered_display": "100", "missing_lines": 0, "excluded_lines": 0}, "missing_lines": [], "excluded_lines": []}, "TestSwarmOrchestrator.test_get_agents_by_role": {"executed_lines": [202, 203, 204, 206, 207, 208, 210, 211, 212, 214, 215, 217, 218, 219], "summary": {"covered_lines": 14, "num_statements": 14, "percent_covered": 100.0, "percent_covered_display": "100", "missing_lines": 0, "excluded_lines": 0}, "missing_lines": [], "excluded_lines": []}, "TestSwarmOrchestrator.test_decompose_task_without_architects": {"executed_lines": [224, 225, 226, 229, 230, 231, 232], "summary": {"covered_lines": 7, "num_statements": 7, "percent_covered": 100.0, "percent_covered_display": "100", "missing_lines": 0, "excluded_lines": 0}, "missing_lines": [], "excluded_lines": []}, "TestSwarmOrchestrator.test_initial_state": {"executed_lines": [236, 237, 238], "summary": {"covered_lines": 3, "num_statements": 3, "percent_covered": 100.0, "percent_covered_display": "100", "missing_lines": 0, "excluded_lines": 0}, "missing_lines": [], "excluded_lines": []}, "TestSwarmOrchestrator.test_has_required_methods": {"executed_lines": [242, 243, 244, 245, 246, 247], "summary": {"covered_lines": 6, "num_statements": 6, "percent_covered": 100.0, "percent_covered_display": "100", "missing_lines": 0, "excluded_lines": 0}, "missing_lines": [], "excluded_lines": []}, "TestIntegration.test_full_workflow_setup": {"executed_lines": [255, 256, 259, 260, 263, 264, 271, 272, 273, 275, 276, 277, 280, 281, 282, 283], "summary": {"covered_lines": 16, "num_statements": 16, "percent_covered": 100.0, "percent_covered_display": "100", "missing_lines": 0, "excluded_lines": 0}, "missing_lines": [], "excluded_lines": []}, "TestIntegration.test_message_flow": {"executed_lines": [287, 290, 299, 308, 316, 317, 318, 319], "summary": {"covered_lines": 8, "num_statements": 8, "percent_covered": 100.0, "percent_covered_display": "100", "missing_lines": 0, "excluded_lines": 0}, "missing_lines": [], "excluded_lines": []}, "suite": {"executed_lines": [], "summary": {"covered_lines": 0, "num_statements": 9, "percent_covered": 0.0, "percent_covered_display": "0", "missing_lines": 9, "excluded_lines": 0}, "missing_lines": [324, 325, 327, 328, 329, 330, 331, 332, 334], "excluded_lines": []}, "": {"executed_lines": [3, 7, 8, 9, 10, 11, 12, 13, 16, 18, 25, 28, 29, 31, 38, 46, 47, 49, 64, 85, 86, 88, 102, 114, 115, 117, 128, 148, 160, 161, 163, 178, 183, 187, 191, 200, 221, 234, 240, 250, 251, 253, 285, 322, 337], "summary": {"covered_lines": 38, "num_statements": 40, "percent_covered": 95.0, "percent_covered_display": "95", "missing_lines": 2, "excluded_lines": 0}, "missing_lines": [338, 339], "excluded_lines": []}}, "classes": {"TestAgentRole": {"executed_lines": [33, 34, 35, 36, 40, 41, 42, 43], "summary": {"covered_lines": 8, "num_statements": 8, "percent_covered": 100.0, "percent_covered_display": "100", "missing_lines": 0, "excluded_lines": 0}, "missing_lines": [], "excluded_lines": []}, "TestSwarmAgent": {"executed_lines": [51, 55, 60, 61, 62, 66, 71, 78, 82], "summary": {"covered_lines": 9, "num_statements": 9, "percent_covered": 100.0, "percent_covered_display": "100", "missing_lines": 0, "excluded_lines": 0}, "missing_lines": [], "excluded_lines": []}, "TestSwarmMessage": {"executed_lines": [90, 97, 98, 99, 100, 104, 111], "summary": {"covered_lines": 7, "num_statements": 7, "percent_covered": 100.0, "percent_covered_display": "100", "missing_lines": 0, "excluded_lines": 0}, "missing_lines": [], "excluded_lines": []}, "TestTaskDecomposition": {"executed_lines": [119, 123, 124, 125, 126, 130, 134, 139, 145, 146, 150, 156, 157], "summary": {"covered_lines": 13, "num_statements": 13, "percent_covered": 100.0, "percent_covered_display": "100", "missing_lines": 0, "excluded_lines": 0}, "missing_lines": [], "excluded_lines": []}, "TestSwarmOrchestrator": {"executed_lines": [165, 168, 169, 171, 172, 180, 181, 185, 189, 193, 194, 196, 197, 198, 202, 203, 204, 206, 207, 208, 210, 211, 212, 214, 215, 217, 218, 219, 224, 225, 226, 229, 230, 231, 232, 236, 237, 238, 242, 243, 244, 245, 246, 247], "summary": {"covered_lines": 44, "num_statements": 44, "percent_covered": 100.0, "percent_covered_display": "100", "missing_lines": 0, "excluded_lines": 0}, "missing_lines": [], "excluded_lines": []}, "TestIntegration": {"executed_lines": [255, 256, 259, 260, 263, 264, 271, 272, 273, 275, 276, 277, 280, 281, 282, 283, 287, 290, 299, 308, 316, 317, 318, 319], "summary": {"covered_lines": 24, "num_statements": 24, "percent_covered": 100.0, "percent_covered_display": "100", "missing_lines": 0, "excluded_lines": 0}, "missing_lines": [], "excluded_lines": []}, "": {"executed_lines": [3, 7, 8, 9, 10, 11, 12, 13, 16, 18, 25, 28, 29, 31, 38, 46, 47, 49, 64, 85, 86, 88, 102, 114, 115, 117, 128, 148, 160, 161, 163, 178, 183, 187, 191, 200, 221, 234, 240, 250, 251, 253, 285, 322, 337], "summary": {"covered_lines": 38, "num_statements": 49, "percent_covered": 77.55102040816327, "percent_covered_display": "78", "missing_lines": 11, "excluded_lines": 0}, "missing_lines": [324, 325, 327, 328, 329, 330, 331, 332, 334, 338, 339], "excluded_lines": []}}}}, "totals": {"covered_lines": 3817, "num_statements": 5095, "percent_covered": 74.91658488714425, "percent_covered_display": "75", "missing_lines": 1278, "excluded_lines": 0}}